<?xml version="1.0" encoding="utf-8"?>
<TestRun id="faac8ce5-09d2-42f7-802b-ae4b46104e79" name="@MacBookPro 2026-08-29 21:40:45" xmlns="http://microsoft.com/schemas/VisualStudio/TeamTest/2010">
  <Times creation="2026-08-29T21:40:45.5644240-05:00" queuing="2026-08-29T21:40:45.5644240-05:00" start="2026-08-29T21:40:37.3232750-05:00" finish="2026-08-29T21:40:50.7358230-05:00" />
  <TestSettings name="default" id="b4f75701-a188-4902-a799-080e9d3909ad">
    <Deployment runDeploymentRoot="_MacBookPro_2026-08-29_21_40_45" />
  </TestSettings>
  <Results>
    <UnitTestResult executionId="989eed63-c2b9-4d26-beaf-c5916b317529" testId="3e258bc2-9c0e-ba31-f54b-d756af39ea9a" testName="Premise.IntegrationTests.TenantIsolationTests.Own_setting_is_readable" computerName="MacBookPro" duration="00:00:00.0901306" startTime="2026-08-29T21:40:44.8558250-05:00" endTime="2026-08-29T21:40:44.9456300-05:00" testType="13cdc9d9-ddb5-4fa4-a97d-d965ccfc6d4b" outcome="Passed" testListId="8c84fa94-04c1-424b-9868-57a2d4851a1d" relativeResultsDirectory="989eed63-c2b9-4d26-beaf-c5916b317529" />
    <UnitTestResult executionId="c3ffcaed-c85c-4b7d-be0b-65af03a46490" testId="b97e9fee-8fe9-c030-a443-9cf0109d3aa2" testName="Premise.IntegrationTests.TenantIsolationTests.Sites_are_tenant_isolated" computerName="MacBookPro" duration="00:00:01.1816840" startTime="2026-08-29T21:40:45.5981680-05:00" endTime="2026-08-29T21:40:46.7797540-05:00" testType="13cdc9d9-ddb5-4fa4-a97d-d965ccfc6d4b" outcome="Passed" testListId="8c84fa94-04c1-424b-9868-57a2d4851a1d" relativeResultsDirectory="c3ffcaed-c85c-4b7d-be0b-65af03a46490" />
    <UnitTestResult executionId="c63ed990-de62-444f-ac04-f9d2b88de0fc" testId="e407f787-d67c-a80d-feb5-06dc184e2a53" testName="Premise.IntegrationTests.AuditTests.Read_logging_is_off_by_default_on_by_config_and_config_change_is_audited" computerName="MacBookPro" duration="00:00:01.4018617" startTime="2026-08-29T21:40:46.4416590-05:00" endTime="2026-08-29T21:40:47.8443280-05:00" testType="13cdc9d9-ddb5-4fa4-a97d-d965ccfc6d4b" outcome="Passed" testListId="8c84fa94-04c1-424b-9868-57a2d4851a1d" relativeResultsDirectory="c63ed990-de62-444f-ac04-f9d2b88de0fc" />
    <UnitTestResult executionId="67359114-e65c-444d-8a3f-16b4bdbc4cc5" testId="e6c82f14-2a57-e6ae-14f2-0f6e034bc71f" testName="Premise.IntegrationTests.TenantIsolationTests.Guest_with_no_org_sees_no_rows_fail_closed" computerName="MacBookPro" duration="00:00:00.0044872" startTime="2026-08-29T21:40:46.7799220-05:00" endTime="2026-08-29T21:40:46.7843970-05:00" testType="13cdc9d9-ddb5-4fa4-a97d-d965ccfc6d4b" outcome="Passed" testListId="8c84fa94-04c1-424b-9868-57a2d4851a1d" relativeResultsDirectory="67359114-e65c-444d-8a3f-16b4bdbc4cc5" />
    <UnitTestResult executionId="cd895e6e-39d8-49e7-8790-15cab37d37f2" testId="997acd6c-7442-3bdd-cdff-b51b18bdcc3f" testName="Premise.IntegrationTests.AuditTests.Node_moves_record_intent_level_events" computerName="MacBookPro" duration="00:00:01.7985567" startTime="2026-08-29T21:40:44.0487570-05:00" endTime="2026-08-29T21:40:45.8352460-05:00" testType="13cdc9d9-ddb5-4fa4-a97d-d965ccfc6d4b" outcome="Passed" testListId="8c84fa94-04c1-424b-9868-57a2d4851a1d" relativeResultsDirectory="cd895e6e-39d8-49e7-8790-15cab37d37f2" />
    <UnitTestResult executionId="66b337c5-acaf-4f55-b635-74df8e2722da" testId="97f31343-5fb3-1044-9d73-d3da91860da8" testName="Premise.IntegrationTests.AuditTests.Audit_queries_are_tenant_isolated_and_grant_gated" computerName="MacBookPro" duration="00:00:00.3629396" startTime="2026-08-29T21:40:48.2085110-05:00" endTime="2026-08-29T21:40:48.5717250-05:00" testType="13cdc9d9-ddb5-4fa4-a97d-d965ccfc6d4b" outcome="Passed" testListId="8c84fa94-04c1-424b-9868-57a2d4851a1d" relativeResultsDirectory="66b337c5-acaf-4f55-b635-74df8e2722da" />
    <UnitTestResult executionId="4c26effc-1663-4f43-853b-71fb68859d5f" testId="57de2511-9d7a-ee60-cc3c-5549147fa7de" testName="Premise.IntegrationTests.IngestTests.Connector_syncs_through_the_same_staging_core" computerName="MacBookPro" duration="00:00:00.9766634" startTime="2026-08-29T21:40:46.7277880-05:00" endTime="2026-08-29T21:40:47.7045220-05:00" testType="13cdc9d9-ddb5-4fa4-a97d-d965ccfc6d4b" outcome="Passed" testListId="8c84fa94-04c1-424b-9868-57a2d4851a1d" relativeResultsDirectory="4c26effc-1663-4f43-853b-71fb68859d5f" />
    <UnitTestResult executionId="4d16900c-7593-415b-ab52-0007c02a85fc" testId="ebc95899-3899-8085-71e5-78175144c742" testName="Premise.IntegrationTests.TenantIsolationTests.List_never_contains_another_tenants_rows" computerName="MacBookPro" duration="00:00:00.0854888" startTime="2026-08-29T21:40:45.5123280-05:00" endTime="2026-08-29T21:40:45.5978830-05:00" testType="13cdc9d9-ddb5-4fa4-a97d-d965ccfc6d4b" outcome="Passed" testListId="8c84fa94-04c1-424b-9868-57a2d4851a1d" relativeResultsDirectory="4d16900c-7593-415b-ab52-0007c02a85fc" />
    <UnitTestResult executionId="72692eee-6d09-4be1-8c57-e9751e9bd04e" testId="fcf206c8-c188-e531-331d-e0499628ad4a" testName="Premise.IntegrationTests.AuditTests.Change_diffs_commit_with_the_change_and_redact_marked_fields" computerName="MacBookPro" duration="00:00:00.2837696" startTime="2026-08-29T21:40:47.8445060-05:00" endTime="2026-08-29T21:40:48.1284320-05:00" testType="13cdc9d9-ddb5-4fa4-a97d-d965ccfc6d4b" outcome="Passed" testListId="8c84fa94-04c1-424b-9868-57a2d4851a1d" relativeResultsDirectory="72692eee-6d09-4be1-8c57-e9751e9bd04e" />
    <UnitTestResult executionId="98b7006b-78d9-4ba7-8c72-e481574fd08e" testId="3d59367b-f648-c45a-3505-9d2b055234ec" testName="Premise.IntegrationTests.AuditTests.Retention_purges_past_the_entitled_window" computerName="MacBookPro" duration="00:00:00.2372416" startTime="2026-08-29T21:40:48.5718800-05:00" endTime="2026-08-29T21:40:48.8091310-05:00" testType="13cdc9d9-ddb5-4fa4-a97d-d965ccfc6d4b" outcome="Passed" testListId="8c84fa94-04c1-424b-9868-57a2d4851a1d" relativeResultsDirectory="98b7006b-78d9-4ba7-8c72-e481574fd08e" />
    <UnitTestResult executionId="b63e4bf3-aa88-4241-8d3f-92b80000f448" testId="c8ba4d10-9bc1-c455-5220-8926aa1f9b67" testName="Premise.IntegrationTests.IngestTests.Invalid_rows_are_reported_not_applied" computerName="MacBookPro" duration="00:00:01.1877270" startTime="2026-08-29T21:40:47.7046650-05:00" endTime="2026-08-29T21:40:48.8924740-05:00" testType="13cdc9d9-ddb5-4fa4-a97d-d965ccfc6d4b" outcome="Passed" testListId="8c84fa94-04c1-424b-9868-57a2d4851a1d" relativeResultsDirectory="b63e4bf3-aa88-4241-8d3f-92b80000f448" />
    <UnitTestResult executionId="046c7763-3415-42d6-bb50-3613b3944d60" testId="a7b464ee-5e5f-c4ad-2806-36af42dec9d0" testName="Premise.IntegrationTests.AuditTests.Update_diffs_capture_old_and_new" computerName="MacBookPro" duration="00:00:00.0795966" startTime="2026-08-29T21:40:48.1286090-05:00" endTime="2026-08-29T21:40:48.2083570-05:00" testType="13cdc9d9-ddb5-4fa4-a97d-d965ccfc6d4b" outcome="Passed" testListId="8c84fa94-04c1-424b-9868-57a2d4851a1d" relativeResultsDirectory="046c7763-3415-42d6-bb50-3613b3944d60" />
    <UnitTestResult executionId="ead389a7-0fc9-4fc2-b14d-0e205e74605a" testId="e60b0b7a-aa6c-9608-ca20-9a63bcb8ad7e" testName="Premise.IntegrationTests.TenantIsolationTests.Write_lands_in_own_tenant_only" computerName="MacBookPro" duration="00:00:00.5662456" startTime="2026-08-29T21:40:44.9457960-05:00" endTime="2026-08-29T21:40:45.5121560-05:00" testType="13cdc9d9-ddb5-4fa4-a97d-d965ccfc6d4b" outcome="Passed" testListId="8c84fa94-04c1-424b-9868-57a2d4851a1d" relativeResultsDirectory="ead389a7-0fc9-4fc2-b14d-0e205e74605a" />
    <UnitTestResult executionId="e981585a-da76-41d4-9b27-5e367871a772" testId="f784176b-0a3b-dd67-a9c9-0b31aa3f5992" testName="Premise.IntegrationTests.IngestTests.Upload_preview_commit_creates_updates_and_closes" computerName="MacBookPro" duration="00:00:00.4179945" startTime="2026-08-29T21:40:50.0015600-05:00" endTime="2026-08-29T21:40:50.4196720-05:00" testType="13cdc9d9-ddb5-4fa4-a97d-d965ccfc6d4b" outcome="Passed" testListId="8c84fa94-04c1-424b-9868-57a2d4851a1d" relativeResultsDirectory="e981585a-da76-41d4-9b27-5e367871a772" />
    <UnitTestResult executionId="1df99454-266b-48f0-8afc-6f6a8a15466c" testId="5410e01c-7eb3-2a4f-47e8-70f488c1356b" testName="Premise.IntegrationTests.TenantIsolationTests.Pooled_connection_never_leaks_tenant_context_to_the_next_borrower" computerName="MacBookPro" duration="00:00:00.0445568" startTime="2026-08-29T21:40:44.8197860-05:00" endTime="2026-08-29T21:40:44.8552850-05:00" testType="13cdc9d9-ddb5-4fa4-a97d-d965ccfc6d4b" outcome="Passed" testListId="8c84fa94-04c1-424b-9868-57a2d4851a1d" relativeResultsDirectory="1df99454-266b-48f0-8afc-6f6a8a15466c" />
    <UnitTestResult executionId="c383455d-c87c-4eef-854f-5db27ee5ba4c" testId="387977d2-4ba7-52b5-e718-3f04ae6d47b3" testName="Premise.IntegrationTests.AuditTests.Authz_denials_are_always_recorded" computerName="MacBookPro" duration="00:00:00.6057969" startTime="2026-08-29T21:40:45.8354180-05:00" endTime="2026-08-29T21:40:46.4413710-05:00" testType="13cdc9d9-ddb5-4fa4-a97d-d965ccfc6d4b" outcome="Passed" testListId="8c84fa94-04c1-424b-9868-57a2d4851a1d" relativeResultsDirectory="c383455d-c87c-4eef-854f-5db27ee5ba4c" />
    <UnitTestResult executionId="f7564c53-2c08-471d-ba59-8e11d1ef4fa3" testId="e215e7b8-17c9-882c-0a6c-286a73cfc956" testName="Premise.IntegrationTests.IngestTests.Staged_batches_list_and_discard_but_committed_history_stays" computerName="MacBookPro" duration="00:00:00.3340377" startTime="2026-08-29T21:40:49.6672170-05:00" endTime="2026-08-29T21:40:50.0014200-05:00" testType="13cdc9d9-ddb5-4fa4-a97d-d965ccfc6d4b" outcome="Passed" testListId="8c84fa94-04c1-424b-9868-57a2d4851a1d" relativeResultsDirectory="f7564c53-2c08-471d-ba59-8e11d1ef4fa3" />
    <UnitTestResult executionId="1610cf60-ef23-45e2-b9e7-d256c91fd90c" testId="4c5a5449-9d74-1e23-b91d-23c1f1e80ed1" testName="Premise.IntegrationTests.TenantIsolationTests.Other_tenants_setting_by_id_is_404_not_403" computerName="MacBookPro" duration="00:00:00.7705218" startTime="2026-08-29T21:40:44.0477040-05:00" endTime="2026-08-29T21:40:44.8097660-05:00" testType="13cdc9d9-ddb5-4fa4-a97d-d965ccfc6d4b" outcome="Passed" testListId="8c84fa94-04c1-424b-9868-57a2d4851a1d" relativeResultsDirectory="1610cf60-ef23-45e2-b9e7-d256c91fd90c" />
    <UnitTestResult executionId="86d40dce-89ac-4942-bac9-56c23cd57441" testId="0fe70451-95dc-25e9-5866-cfb36596b314" testName="Premise.IntegrationTests.IngestTests.Connector_update_rewraps_key_and_delete_removes_it" computerName="MacBookPro" duration="00:00:00.7743976" startTime="2026-08-29T21:40:48.8926270-05:00" endTime="2026-08-29T21:40:49.6670710-05:00" testType="13cdc9d9-ddb5-4fa4-a97d-d965ccfc6d4b" outcome="Passed" testListId="8c84fa94-04c1-424b-9868-57a2d4851a1d" relativeResultsDirectory="86d40dce-89ac-4942-bac9-56c23cd57441" />
    <UnitTestResult executionId="ebd844a8-8aed-4901-8422-30ae2179bf61" testId="4d29b74d-f207-234b-a7c5-e00c102a8221" testName="Premise.IntegrationTests.IngestTests.Scheduled_sweep_syncs_due_connectors_and_leaves_manual_ones_alone" computerName="MacBookPro" duration="00:00:02.6908528" startTime="2026-08-29T21:40:44.0488120-05:00" endTime="2026-08-29T21:40:46.7276220-05:00" testType="13cdc9d9-ddb5-4fa4-a97d-d965ccfc6d4b" outcome="Passed" testListId="8c84fa94-04c1-424b-9868-57a2d4851a1d" relativeResultsDirectory="ebd844a8-8aed-4901-8422-30ae2179bf61" />
  </Results>
  <TestDefinitions>
    <UnitTest name="Premise.IntegrationTests.TenantIsolationTests.Other_tenants_setting_by_id_is_404_not_403" storage="/users/jarod/coding/location-saas/tests/premise.integrationtests/bin/debug/net10.0/premise.integrationtests.dll" id="4c5a5449-9d74-1e23-b91d-23c1f1e80ed1">
      <Execution id="1610cf60-ef23-45e2-b9e7-d256c91fd90c" />
      <TestMethod codeBase="/Users/jarod/coding/location-saas/tests/Premise.IntegrationTests/bin/Debug/net10.0/Premise.IntegrationTests.dll" adapterTypeName="executor://xunit/VsTestRunner3/netcore/" className="Premise.IntegrationTests.TenantIsolationTests" name="Other_tenants_setting_by_id_is_404_not_403" />
    </UnitTest>
    <UnitTest name="Premise.IntegrationTests.IngestTests.Invalid_rows_are_reported_not_applied" storage="/users/jarod/coding/location-saas/tests/premise.integrationtests/bin/debug/net10.0/premise.integrationtests.dll" id="c8ba4d10-9bc1-c455-5220-8926aa1f9b67">
      <Execution id="b63e4bf3-aa88-4241-8d3f-92b80000f448" />
      <TestMethod codeBase="/Users/jarod/coding/location-saas/tests/Premise.IntegrationTests/bin/Debug/net10.0/Premise.IntegrationTests.dll" adapterTypeName="executor://xunit/VsTestRunner3/netcore/" className="Premise.IntegrationTests.IngestTests" name="Invalid_rows_are_reported_not_applied" />
    </UnitTest>
    <UnitTest name="Premise.IntegrationTests.TenantIsolationTests.Own_setting_is_readable" storage="/users/jarod/coding/location-saas/tests/premise.integrationtests/bin/debug/net10.0/premise.integrationtests.dll" id="3e258bc2-9c0e-ba31-f54b-d756af39ea9a">
      <Execution id="989eed63-c2b9-4d26-beaf-c5916b317529" />
      <TestMethod codeBase="/Users/jarod/coding/location-saas/tests/Premise.IntegrationTests/bin/Debug/net10.0/Premise.IntegrationTests.dll" adapterTypeName="executor://xunit/VsTestRunner3/netcore/" className="Premise.IntegrationTests.TenantIsolationTests" name="Own_setting_is_readable" />
    </UnitTest>
    <UnitTest name="Premise.IntegrationTests.AuditTests.Retention_purges_past_the_entitled_window" storage="/users/jarod/coding/location-saas/tests/premise.integrationtests/bin/debug/net10.0/premise.integrationtests.dll" id="3d59367b-f648-c45a-3505-9d2b055234ec">
      <Execution id="98b7006b-78d9-4ba7-8c72-e481574fd08e" />
      <TestMethod codeBase="/Users/jarod/coding/location-saas/tests/Premise.IntegrationTests/bin/Debug/net10.0/Premise.IntegrationTests.dll" adapterTypeName="executor://xunit/VsTestRunner3/netcore/" className="Premise.IntegrationTests.AuditTests" name="Retention_purges_past_the_entitled_window" />
    </UnitTest>
    <UnitTest name="Premise.IntegrationTests.AuditTests.Authz_denials_are_always_recorded" storage="/users/jarod/coding/location-saas/tests/premise.integrationtests/bin/debug/net10.0/premise.integrationtests.dll" id="387977d2-4ba7-52b5-e718-3f04ae6d47b3">
      <Execution id="c383455d-c87c-4eef-854f-5db27ee5ba4c" />
      <TestMethod codeBase="/Users/jarod/coding/location-saas/tests/Premise.IntegrationTests/bin/Debug/net10.0/Premise.IntegrationTests.dll" adapterTypeName="executor://xunit/VsTestRunner3/netcore/" className="Premise.IntegrationTests.AuditTests" name="Authz_denials_are_always_recorded" />
    </UnitTest>
    <UnitTest name="Premise.IntegrationTests.IngestTests.Connector_update_rewraps_key_and_delete_removes_it" storage="/users/jarod/coding/location-saas/tests/premise.integrationtests/bin/debug/net10.0/premise.integrationtests.dll" id="0fe70451-95dc-25e9-5866-cfb36596b314">
      <Execution id="86d40dce-89ac-4942-bac9-56c23cd57441" />
      <TestMethod codeBase="/Users/jarod/coding/location-saas/tests/Premise.IntegrationTests/bin/Debug/net10.0/Premise.IntegrationTests.dll" adapterTypeName="executor://xunit/VsTestRunner3/netcore/" className="Premise.IntegrationTests.IngestTests" name="Connector_update_rewraps_key_and_delete_removes_it" />
    </UnitTest>
    <UnitTest name="Premise.IntegrationTests.TenantIsolationTests.Guest_with_no_org_sees_no_rows_fail_closed" storage="/users/jarod/coding/location-saas/tests/premise.integrationtests/bin/debug/net10.0/premise.integrationtests.dll" id="e6c82f14-2a57-e6ae-14f2-0f6e034bc71f">
      <Execution id="67359114-e65c-444d-8a3f-16b4bdbc4cc5" />
      <TestMethod codeBase="/Users/jarod/coding/location-saas/tests/Premise.IntegrationTests/bin/Debug/net10.0/Premise.IntegrationTests.dll" adapterTypeName="executor://xunit/VsTestRunner3/netcore/" className="Premise.IntegrationTests.TenantIsolationTests" name="Guest_with_no_org_sees_no_rows_fail_closed" />
    </UnitTest>
    <UnitTest name="Premise.IntegrationTests.IngestTests.Staged_batches_list_and_discard_but_committed_history_stays" storage="/users/jarod/coding/location-saas/tests/premise.integrationtests/bin/debug/net10.0/premise.integrationtests.dll" id="e215e7b8-17c9-882c-0a6c-286a73cfc956">
      <Execution id="f7564c53-2c08-471d-ba59-8e11d1ef4fa3" />
      <TestMethod codeBase="/Users/jarod/coding/location-saas/tests/Premise.IntegrationTests/bin/Debug/net10.0/Premise.IntegrationTests.dll" adapterTypeName="executor://xunit/VsTestRunner3/netcore/" className="Premise.IntegrationTests.IngestTests" name="Staged_batches_list_and_discard_but_committed_history_stays" />
    </UnitTest>
    <UnitTest name="Premise.IntegrationTests.IngestTests.Connector_syncs_through_the_same_staging_core" storage="/users/jarod/coding/location-saas/tests/premise.integrationtests/bin/debug/net10.0/premise.integrationtests.dll" id="57de2511-9d7a-ee60-cc3c-5549147fa7de">
      <Execution id="4c26effc-1663-4f43-853b-71fb68859d5f" />
      <TestMethod codeBase="/Users/jarod/coding/location-saas/tests/Premise.IntegrationTests/bin/Debug/net10.0/Premise.IntegrationTests.dll" adapterTypeName="executor://xunit/VsTestRunner3/netcore/" className="Premise.IntegrationTests.IngestTests" name="Connector_syncs_through_the_same_staging_core" />
    </UnitTest>
    <UnitTest name="Premise.IntegrationTests.AuditTests.Update_diffs_capture_old_and_new" storage="/users/jarod/coding/location-saas/tests/premise.integrationtests/bin/debug/net10.0/premise.integrationtests.dll" id="a7b464ee-5e5f-c4ad-2806-36af42dec9d0">
      <Execution id="046c7763-3415-42d6-bb50-3613b3944d60" />
      <TestMethod codeBase="/Users/jarod/coding/location-saas/tests/Premise.IntegrationTests/bin/Debug/net10.0/Premise.IntegrationTests.dll" adapterTypeName="executor://xunit/VsTestRunner3/netcore/" className="Premise.IntegrationTests.AuditTests" name="Update_diffs_capture_old_and_new" />
    </UnitTest>
    <UnitTest name="Premise.IntegrationTests.TenantIsolationTests.Write_lands_in_own_tenant_only" storage="/users/jarod/coding/location-saas/tests/premise.integrationtests/bin/debug/net10.0/premise.integrationtests.dll" id="e60b0b7a-aa6c-9608-ca20-9a63bcb8ad7e">
      <Execution id="ead389a7-0fc9-4fc2-b14d-0e205e74605a" />
      <TestMethod codeBase="/Users/jarod/coding/location-saas/tests/Premise.IntegrationTests/bin/Debug/net10.0/Premise.IntegrationTests.dll" adapterTypeName="executor://xunit/VsTestRunner3/netcore/" className="Premise.IntegrationTests.TenantIsolationTests" name="Write_lands_in_own_tenant_only" />
    </UnitTest>
    <UnitTest name="Premise.IntegrationTests.AuditTests.Node_moves_record_intent_level_events" storage="/users/jarod/coding/location-saas/tests/premise.integrationtests/bin/debug/net10.0/premise.integrationtests.dll" id="997acd6c-7442-3bdd-cdff-b51b18bdcc3f">
      <Execution id="cd895e6e-39d8-49e7-8790-15cab37d37f2" />
      <TestMethod codeBase="/Users/jarod/coding/location-saas/tests/Premise.IntegrationTests/bin/Debug/net10.0/Premise.IntegrationTests.dll" adapterTypeName="executor://xunit/VsTestRunner3/netcore/" className="Premise.IntegrationTests.AuditTests" name="Node_moves_record_intent_level_events" />
    </UnitTest>
    <UnitTest name="Premise.IntegrationTests.TenantIsolationTests.List_never_contains_another_tenants_rows" storage="/users/jarod/coding/location-saas/tests/premise.integrationtests/bin/debug/net10.0/premise.integrationtests.dll" id="ebc95899-3899-8085-71e5-78175144c742">
      <Execution id="4d16900c-7593-415b-ab52-0007c02a85fc" />
      <TestMethod codeBase="/Users/jarod/coding/location-saas/tests/Premise.IntegrationTests/bin/Debug/net10.0/Premise.IntegrationTests.dll" adapterTypeName="executor://xunit/VsTestRunner3/netcore/" className="Premise.IntegrationTests.TenantIsolationTests" name="List_never_contains_another_tenants_rows" />
    </UnitTest>
    <UnitTest name="Premise.IntegrationTests.IngestTests.Upload_preview_commit_creates_updates_and_closes" storage="/users/jarod/coding/location-saas/tests/premise.integrationtests/bin/debug/net10.0/premise.integrationtests.dll" id="f784176b-0a3b-dd67-a9c9-0b31aa3f5992">
      <Execution id="e981585a-da76-41d4-9b27-5e367871a772" />
      <TestMethod codeBase="/Users/jarod/coding/location-saas/tests/Premise.IntegrationTests/bin/Debug/net10.0/Premise.IntegrationTests.dll" adapterTypeName="executor://xunit/VsTestRunner3/netcore/" className="Premise.IntegrationTests.IngestTests" name="Upload_preview_commit_creates_updates_and_closes" />
    </UnitTest>
    <UnitTest name="Premise.IntegrationTests.AuditTests.Audit_queries_are_tenant_isolated_and_grant_gated" storage="/users/jarod/coding/location-saas/tests/premise.integrationtests/bin/debug/net10.0/premise.integrationtests.dll" id="97f31343-5fb3-1044-9d73-d3da91860da8">
      <Execution id="66b337c5-acaf-4f55-b635-74df8e2722da" />
      <TestMethod codeBase="/Users/jarod/coding/location-saas/tests/Premise.IntegrationTests/bin/Debug/net10.0/Premise.IntegrationTests.dll" adapterTypeName="executor://xunit/VsTestRunner3/netcore/" className="Premise.IntegrationTests.AuditTests" name="Audit_queries_are_tenant_isolated_and_grant_gated" />
    </UnitTest>
    <UnitTest name="Premise.IntegrationTests.AuditTests.Read_logging_is_off_by_default_on_by_config_and_config_change_is_audited" storage="/users/jarod/coding/location-saas/tests/premise.integrationtests/bin/debug/net10.0/premise.integrationtests.dll" id="e407f787-d67c-a80d-feb5-06dc184e2a53">
      <Execution id="c63ed990-de62-444f-ac04-f9d2b88de0fc" />
      <TestMethod codeBase="/Users/jarod/coding/location-saas/tests/Premise.IntegrationTests/bin/Debug/net10.0/Premise.IntegrationTests.dll" adapterTypeName="executor://xunit/VsTestRunner3/netcore/" className="Premise.IntegrationTests.AuditTests" name="Read_logging_is_off_by_default_on_by_config_and_config_change_is_audited" />
    </UnitTest>
    <UnitTest name="Premise.IntegrationTests.IngestTests.Scheduled_sweep_syncs_due_connectors_and_leaves_manual_ones_alone" storage="/users/jarod/coding/location-saas/tests/premise.integrationtests/bin/debug/net10.0/premise.integrationtests.dll" id="4d29b74d-f207-234b-a7c5-e00c102a8221">
      <Execution id="ebd844a8-8aed-4901-8422-30ae2179bf61" />
      <TestMethod codeBase="/Users/jarod/coding/location-saas/tests/Premise.IntegrationTests/bin/Debug/net10.0/Premise.IntegrationTests.dll" adapterTypeName="executor://xunit/VsTestRunner3/netcore/" className="Premise.IntegrationTests.IngestTests" name="Scheduled_sweep_syncs_due_connectors_and_leaves_manual_ones_alone" />
    </UnitTest>
    <UnitTest name="Premise.IntegrationTests.AuditTests.Change_diffs_commit_with_the_change_and_redact_marked_fields" storage="/users/jarod/coding/location-saas/tests/premise.integrationtests/bin/debug/net10.0/premise.integrationtests.dll" id="fcf206c8-c188-e531-331d-e0499628ad4a">
      <Execution id="72692eee-6d09-4be1-8c57-e9751e9bd04e" />
      <TestMethod codeBase="/Users/jarod/coding/location-saas/tests/Premise.IntegrationTests/bin/Debug/net10.0/Premise.IntegrationTests.dll" adapterTypeName="executor://xunit/VsTestRunner3/netcore/" className="Premise.IntegrationTests.AuditTests" name="Change_diffs_commit_with_the_change_and_redact_marked_fields" />
    </UnitTest>
    <UnitTest name="Premise.IntegrationTests.TenantIsolationTests.Sites_are_tenant_isolated" storage="/users/jarod/coding/location-saas/tests/premise.integrationtests/bin/debug/net10.0/premise.integrationtests.dll" id="b97e9fee-8fe9-c030-a443-9cf0109d3aa2">
      <Execution id="c3ffcaed-c85c-4b7d-be0b-65af03a46490" />
      <TestMethod codeBase="/Users/jarod/coding/location-saas/tests/Premise.IntegrationTests/bin/Debug/net10.0/Premise.IntegrationTests.dll" adapterTypeName="executor://xunit/VsTestRunner3/netcore/" className="Premise.IntegrationTests.TenantIsolationTests" name="Sites_are_tenant_isolated" />
    </UnitTest>
    <UnitTest name="Premise.IntegrationTests.TenantIsolationTests.Pooled_connection_never_leaks_tenant_context_to_the_next_borrower" storage="/users/jarod/coding/location-saas/tests/premise.integrationtests/bin/debug/net10.0/premise.integrationtests.dll" id="5410e01c-7eb3-2a4f-47e8-70f488c1356b">
      <Execution id="1df99454-266b-48f0-8afc-6f6a8a15466c" />
      <TestMethod codeBase="/Users/jarod/coding/location-saas/tests/Premise.IntegrationTests/bin/Debug/net10.0/Premise.IntegrationTests.dll" adapterTypeName="executor://xunit/VsTestRunner3/netcore/" className="Premise.IntegrationTests.TenantIsolationTests" name="Pooled_connection_never_leaks_tenant_context_to_the_next_borrower" />
    </UnitTest>
  </TestDefinitions>
  <TestEntries>
    <TestEntry testId="3e258bc2-9c0e-ba31-f54b-d756af39ea9a" executionId="989eed63-c2b9-4d26-beaf-c5916b317529" testListId="8c84fa94-04c1-424b-9868-57a2d4851a1d" />
    <TestEntry testId="b97e9fee-8fe9-c030-a443-9cf0109d3aa2" executionId="c3ffcaed-c85c-4b7d-be0b-65af03a46490" testListId="8c84fa94-04c1-424b-9868-57a2d4851a1d" />
    <TestEntry testId="e407f787-d67c-a80d-feb5-06dc184e2a53" executionId="c63ed990-de62-444f-ac04-f9d2b88de0fc" testListId="8c84fa94-04c1-424b-9868-57a2d4851a1d" />
    <TestEntry testId="e6c82f14-2a57-e6ae-14f2-0f6e034bc71f" executionId="67359114-e65c-444d-8a3f-16b4bdbc4cc5" testListId="8c84fa94-04c1-424b-9868-57a2d4851a1d" />
    <TestEntry testId="997acd6c-7442-3bdd-cdff-b51b18bdcc3f" executionId="cd895e6e-39d8-49e7-8790-15cab37d37f2" testListId="8c84fa94-04c1-424b-9868-57a2d4851a1d" />
    <TestEntry testId="97f31343-5fb3-1044-9d73-d3da91860da8" executionId="66b337c5-acaf-4f55-b635-74df8e2722da" testListId="8c84fa94-04c1-424b-9868-57a2d4851a1d" />
    <TestEntry testId="57de2511-9d7a-ee60-cc3c-5549147fa7de" executionId="4c26effc-1663-4f43-853b-71fb68859d5f" testListId="8c84fa94-04c1-424b-9868-57a2d4851a1d" />
    <TestEntry testId="ebc95899-3899-8085-71e5-78175144c742" executionId="4d16900c-7593-415b-ab52-0007c02a85fc" testListId="8c84fa94-04c1-424b-9868-57a2d4851a1d" />
    <TestEntry testId="fcf206c8-c188-e531-331d-e0499628ad4a" executionId="72692eee-6d09-4be1-8c57-e9751e9bd04e" testListId="8c84fa94-04c1-424b-9868-57a2d4851a1d" />
    <TestEntry testId="3d59367b-f648-c45a-3505-9d2b055234ec" executionId="98b7006b-78d9-4ba7-8c72-e481574fd08e" testListId="8c84fa94-04c1-424b-9868-57a2d4851a1d" />
    <TestEntry testId="c8ba4d10-9bc1-c455-5220-8926aa1f9b67" executionId="b63e4bf3-aa88-4241-8d3f-92b80000f448" testListId="8c84fa94-04c1-424b-9868-57a2d4851a1d" />
    <TestEntry testId="a7b464ee-5e5f-c4ad-2806-36af42dec9d0" executionId="046c7763-3415-42d6-bb50-3613b3944d60" testListId="8c84fa94-04c1-424b-9868-57a2d4851a1d" />
    <TestEntry testId="e60b0b7a-aa6c-9608-ca20-9a63bcb8ad7e" executionId="ead389a7-0fc9-4fc2-b14d-0e205e74605a" testListId="8c84fa94-04c1-424b-9868-57a2d4851a1d" />
    <TestEntry testId="f784176b-0a3b-dd67-a9c9-0b31aa3f5992" executionId="e981585a-da76-41d4-9b27-5e367871a772" testListId="8c84fa94-04c1-424b-9868-57a2d4851a1d" />
    <TestEntry testId="5410e01c-7eb3-2a4f-47e8-70f488c1356b" executionId="1df99454-266b-48f0-8afc-6f6a8a15466c" testListId="8c84fa94-04c1-424b-9868-57a2d4851a1d" />
    <TestEntry testId="387977d2-4ba7-52b5-e718-3f04ae6d47b3" executionId="c383455d-c87c-4eef-854f-5db27ee5ba4c" testListId="8c84fa94-04c1-424b-9868-57a2d4851a1d" />
    <TestEntry testId="e215e7b8-17c9-882c-0a6c-286a73cfc956" executionId="f7564c53-2c08-471d-ba59-8e11d1ef4fa3" testListId="8c84fa94-04c1-424b-9868-57a2d4851a1d" />
    <TestEntry testId="4c5a5449-9d74-1e23-b91d-23c1f1e80ed1" executionId="1610cf60-ef23-45e2-b9e7-d256c91fd90c" testListId="8c84fa94-04c1-424b-9868-57a2d4851a1d" />
    <TestEntry testId="0fe70451-95dc-25e9-5866-cfb36596b314" executionId="86d40dce-89ac-4942-bac9-56c23cd57441" testListId="8c84fa94-04c1-424b-9868-57a2d4851a1d" />
    <TestEntry testId="4d29b74d-f207-234b-a7c5-e00c102a8221" executionId="ebd844a8-8aed-4901-8422-30ae2179bf61" testListId="8c84fa94-04c1-424b-9868-57a2d4851a1d" />
  </TestEntries>
  <TestLists>
    <TestList name="Results Not in a List" id="8c84fa94-04c1-424b-9868-57a2d4851a1d" />
    <TestList name="All Loaded Results" id="19431567-8539-422a-85d7-44ee4e166bda" />
  </TestLists>
  <ResultSummary outcome="Completed">
    <Counters total="20" executed="20" passed="20" failed="0" error="0" timeout="0" aborted="0" inconclusive="0" passedButRunAborted="0" notRunnable="0" notExecuted="0" disconnected="0" warning="0" completed="0" inProgress="0" pending="0" />
    <Output>
      <StdOut>[xUnit.net 00:00:00.00] xUnit.net VSTest Adapter v3.1.4+50e68bbb8b (64-bit .NET 10.0.2)
[xUnit.net 00:00:00.05]   Discovering: Premise.IntegrationTests
[xUnit.net 00:00:00.08]   Discovered:  Premise.IntegrationTests
[xUnit.net 00:00:00.09]   Starting:    Premise.IntegrationTests
[testcontainers.org 00:00:00.12] Connected to Docker:
  Host: unix:///var/run/docker.sock
  Server Version: 29.6.2
  Kernel Version: 6.12.76-linuxkit
  API Version: 1.55
  Operating System: Docker Desktop
  Total Memory: 7.75 GB
  Labels: 
    com.docker.desktop.address=unix:///Users/jarod/Library/Containers/com.docker.docker/Data/docker-cli.sock
[testcontainers.org 00:00:00.27] Docker container 9e2cc3e138ed created
[testcontainers.org 00:00:00.31] Start Docker container 9e2cc3e138ed
[testcontainers.org 00:00:00.41] Wait for Docker container 9e2cc3e138ed to complete readiness checks
[testcontainers.org 00:00:01.45] Docker container 9e2cc3e138ed ready
[testcontainers.org 00:00:01.58] Docker container 7484044afd88 created
[testcontainers.org 00:00:01.58] Docker container eb90daea9ba4 created
[testcontainers.org 00:00:01.59] Docker container 5cf096c0803e created
[testcontainers.org 00:00:01.59] Start Docker container 7484044afd88
[testcontainers.org 00:00:01.59] Start Docker container eb90daea9ba4
[testcontainers.org 00:00:01.59] Start Docker container 5cf096c0803e
[testcontainers.org 00:00:01.72] Wait for Docker container 7484044afd88 to complete readiness checks
[testcontainers.org 00:00:01.73] Execute "pg_isready --host localhost --dbname postgres --username postgres" at Docker container 7484044afd88
[testcontainers.org 00:00:01.74] Wait for Docker container eb90daea9ba4 to complete readiness checks
[testcontainers.org 00:00:01.75] Execute "pg_isready --host localhost --dbname postgres --username postgres" at Docker container eb90daea9ba4
[testcontainers.org 00:00:01.76] Wait for Docker container 5cf096c0803e to complete readiness checks
[testcontainers.org 00:00:01.77] Execute "pg_isready --host localhost --dbname postgres --username postgres" at Docker container 5cf096c0803e
[testcontainers.org 00:00:02.81] Execute "pg_isready --host localhost --dbname postgres --username postgres" at Docker container 7484044afd88
[testcontainers.org 00:00:02.81] Execute "pg_isready --host localhost --dbname postgres --username postgres" at Docker container 5cf096c0803e
[testcontainers.org 00:00:02.81] Execute "pg_isready --host localhost --dbname postgres --username postgres" at Docker container eb90daea9ba4
[testcontainers.org 00:00:02.87] Docker container 7484044afd88 ready
[testcontainers.org 00:00:02.87] Docker container eb90daea9ba4 ready
[testcontainers.org 00:00:02.87] Docker container 5cf096c0803e ready
[testcontainers.org 00:00:03.95] Add file to tar archive: Content length: 854 byte(s), Target file: "/tmp/89cf5198-e539-4e74-a92b-2e057cebdd67/smf3hcml.y3z", UID: 0, GID: 0, Mode: 0644
[testcontainers.org 00:00:03.95] Add file to tar archive: Content length: 854 byte(s), Target file: "/tmp/f07a1e8e-b443-47d8-be7b-78714ba9c588/g3z0zovb.p0g", UID: 0, GID: 0, Mode: 0644
[testcontainers.org 00:00:03.95] Add file to tar archive: Content length: 854 byte(s), Target file: "/tmp/d8f0a323-5ec9-4805-bab4-d3034270a6a4/2tbg4cwq.5ps", UID: 0, GID: 0, Mode: 0644
[testcontainers.org 00:00:03.96] Copy tar archive to container: Content length: 854 byte(s), Docker container: 5cf096c0803e
[testcontainers.org 00:00:03.96] Copy tar archive to container: Content length: 854 byte(s), Docker container: eb90daea9ba4
[testcontainers.org 00:00:03.96] Copy tar archive to container: Content length: 854 byte(s), Docker container: 7484044afd88
[testcontainers.org 00:00:03.97] Execute "psql --username postgres --dbname postgres --file /tmp/89cf5198-e539-4e74-a92b-2e057cebdd67/smf3hcml.y3z" at Docker container 7484044afd88
[testcontainers.org 00:00:03.97] Execute "psql --username postgres --dbname postgres --file /tmp/d8f0a323-5ec9-4805-bab4-d3034270a6a4/2tbg4cwq.5ps" at Docker container 5cf096c0803e
[testcontainers.org 00:00:03.97] Execute "psql --username postgres --dbname postgres --file /tmp/f07a1e8e-b443-47d8-be7b-78714ba9c588/g3z0zovb.p0g" at Docker container eb90daea9ba4
info: Wolverine.Runtime.WolverineRuntime[0]
      Exporting Open Telemetry metrics from Wolverine with name Wolverine:Premise.Api, version 6.30.3.0
info: Wolverine.Runtime.WolverineRuntime[0]
      Exporting Open Telemetry metrics from Wolverine with name Wolverine:Premise.Api, version 6.30.3.0
info: Wolverine.Runtime.WolverineRuntime[0]
      Exporting Open Telemetry metrics from Wolverine with name Wolverine:Premise.Api, version 6.30.3.0
info: Wolverine.Http.HttpGraph[0]
      Found 68 Wolverine HTTP endpoints in assemblies Wolverine.RuntimeCompilation, Premise.Modules.Tenancy, Premise.Modules.Identity, Premise.Modules.Entitlements, Premise.Modules.Audit, Premise.Modules.Storage, Premise.Modules.Ingest, Premise.Api
info: Wolverine.Http.HttpGraph[0]
      Found 68 Wolverine HTTP endpoints in assemblies Wolverine.RuntimeCompilation, Premise.Modules.Tenancy, Premise.Modules.Identity, Premise.Modules.Entitlements, Premise.Modules.Audit, Premise.Modules.Storage, Premise.Modules.Ingest, Premise.Api
info: Wolverine.Http.HttpGraph[0]
      Found 68 Wolverine HTTP endpoints in assemblies Wolverine.RuntimeCompilation, Premise.Modules.Tenancy, Premise.Modules.Identity, Premise.Modules.Entitlements, Premise.Modules.Audit, Premise.Modules.Storage, Premise.Modules.Ingest, Premise.Api
info: Wolverine.Runtime.WolverineRuntime[0]
      Starting Wolverine messaging for application assembly Premise.Api, Version=1.0.0.0, Culture=neutral, PublicKeyToken=null
info: Wolverine.Runtime.WolverineRuntime[0]
      Starting Wolverine messaging for application assembly Premise.Api, Version=1.0.0.0, Culture=neutral, PublicKeyToken=null
info: Wolverine.Runtime.WolverineRuntime[0]
      Starting Wolverine messaging for application assembly Premise.Api, Version=1.0.0.0, Culture=neutral, PublicKeyToken=null
info: Wolverine.Runtime.WolverineRuntime[0]
      The Wolverine code generation mode is Dynamic. This is suitable for development, but you may want to opt into other options for production usage to reduce start up time and resource utilization.
info: Wolverine.Runtime.WolverineRuntime[0]
      See https://wolverine.netlify.app/guide/codegen.html for more information
info: Wolverine.Runtime.WolverineRuntime[0]
      The Wolverine code generation mode is Dynamic. This is suitable for development, but you may want to opt into other options for production usage to reduce start up time and resource utilization.
info: Wolverine.Runtime.WolverineRuntime[0]
      The Wolverine code generation mode is Dynamic. This is suitable for development, but you may want to opt into other options for production usage to reduce start up time and resource utilization.
info: Wolverine.Runtime.WolverineRuntime[0]
      See https://wolverine.netlify.app/guide/codegen.html for more information
info: Wolverine.Runtime.WolverineRuntime[0]
      See https://wolverine.netlify.app/guide/codegen.html for more information
info: Wolverine.Configuration.HandlerDiscovery[0]
      Searching assembly Wolverine.RuntimeCompilation, Version=6.30.3.0, Culture=neutral, PublicKeyToken=null for Wolverine message handlers
info: Wolverine.Configuration.HandlerDiscovery[0]
      Searching assembly Wolverine.RuntimeCompilation, Version=6.30.3.0, Culture=neutral, PublicKeyToken=null for Wolverine message handlers
info: Wolverine.Configuration.HandlerDiscovery[0]
      Searching assembly Premise.Modules.Tenancy, Version=1.0.0.0, Culture=neutral, PublicKeyToken=null for Wolverine message handlers
info: Wolverine.Configuration.HandlerDiscovery[0]
      Searching assembly Wolverine.RuntimeCompilation, Version=6.30.3.0, Culture=neutral, PublicKeyToken=null for Wolverine message handlers
info: Wolverine.Configuration.HandlerDiscovery[0]
      Searching assembly Premise.Modules.Identity, Version=1.0.0.0, Culture=neutral, PublicKeyToken=null for Wolverine message handlers
info: Wolverine.Configuration.HandlerDiscovery[0]
      Searching assembly Premise.Modules.Tenancy, Version=1.0.0.0, Culture=neutral, PublicKeyToken=null for Wolverine message handlers
info: Wolverine.Configuration.HandlerDiscovery[0]
      Searching assembly Premise.Modules.Entitlements, Version=1.0.0.0, Culture=neutral, PublicKeyToken=null for Wolverine message handlers
info: Wolverine.Configuration.HandlerDiscovery[0]
      Searching assembly Premise.Modules.Identity, Version=1.0.0.0, Culture=neutral, PublicKeyToken=null for Wolverine message handlers
info: Wolverine.Configuration.HandlerDiscovery[0]
      Searching assembly Premise.Modules.Audit, Version=1.0.0.0, Culture=neutral, PublicKeyToken=null for Wolverine message handlers
info: Wolverine.Configuration.HandlerDiscovery[0]
      Searching assembly Premise.Modules.Tenancy, Version=1.0.0.0, Culture=neutral, PublicKeyToken=null for Wolverine message handlers
info: Wolverine.Configuration.HandlerDiscovery[0]
      Searching assembly Premise.Modules.Storage, Version=1.0.0.0, Culture=neutral, PublicKeyToken=null for Wolverine message handlers
info: Wolverine.Configuration.HandlerDiscovery[0]
      Searching assembly Premise.Modules.Identity, Version=1.0.0.0, Culture=neutral, PublicKeyToken=null for Wolverine message handlers
info: Wolverine.Configuration.HandlerDiscovery[0]
      Searching assembly Premise.Modules.Ingest, Version=1.0.0.0, Culture=neutral, PublicKeyToken=null for Wolverine message handlers
info: Wolverine.Configuration.HandlerDiscovery[0]
      Searching assembly Premise.Modules.Entitlements, Version=1.0.0.0, Culture=neutral, PublicKeyToken=null for Wolverine message handlers
info: Wolverine.Configuration.HandlerDiscovery[0]
      Searching assembly Premise.Api, Version=1.0.0.0, Culture=neutral, PublicKeyToken=null for Wolverine message handlers
info: Wolverine.Configuration.HandlerDiscovery[0]
      Searching assembly Premise.Modules.Audit, Version=1.0.0.0, Culture=neutral, PublicKeyToken=null for Wolverine message handlers
info: Wolverine.Configuration.HandlerDiscovery[0]
      Searching assembly Premise.Modules.Storage, Version=1.0.0.0, Culture=neutral, PublicKeyToken=null for Wolverine message handlers
info: Wolverine.Configuration.HandlerDiscovery[0]
      Searching assembly Premise.Modules.Ingest, Version=1.0.0.0, Culture=neutral, PublicKeyToken=null for Wolverine message handlers
info: Wolverine.Configuration.HandlerDiscovery[0]
      Searching assembly Premise.Api, Version=1.0.0.0, Culture=neutral, PublicKeyToken=null for Wolverine message handlers
info: Wolverine.Configuration.HandlerDiscovery[0]
      Searching assembly Premise.Modules.Entitlements, Version=1.0.0.0, Culture=neutral, PublicKeyToken=null for Wolverine message handlers
info: Wolverine.Configuration.HandlerDiscovery[0]
      Searching assembly Premise.Modules.Audit, Version=1.0.0.0, Culture=neutral, PublicKeyToken=null for Wolverine message handlers
info: Wolverine.Configuration.HandlerDiscovery[0]
      Searching assembly Premise.Modules.Storage, Version=1.0.0.0, Culture=neutral, PublicKeyToken=null for Wolverine message handlers
info: Wolverine.Configuration.HandlerDiscovery[0]
      Searching assembly Premise.Modules.Ingest, Version=1.0.0.0, Culture=neutral, PublicKeyToken=null for Wolverine message handlers
info: Wolverine.Configuration.HandlerDiscovery[0]
      Searching assembly Premise.Api, Version=1.0.0.0, Culture=neutral, PublicKeyToken=null for Wolverine message handlers
info: Wolverine.Postgresql.PostgresqlMessageStore[0]
      Applied database migration for Wolverine Envelope Storage: DO $$
      BEGIN      IF NOT EXISTS (SELECT 1 FROM pg_catalog.pg_namespace WHERE nspname = 'wolverine') THEN
              BEGIN
                EXECUTE 'CREATE SCHEMA IF NOT EXISTS wolverine';
              EXCEPTION
                WHEN duplicate_schema THEN NULL;
                WHEN unique_violation THEN NULL;
              END;
            END IF;
      END
      $$;
      CREATE TABLE IF NOT EXISTS wolverine.wolverine_outgoing_envelopes (
          id              uuid                        NOT NULL,
          owner_id        integer                     NOT NULL,
          destination     varchar                     NOT NULL,
          deliver_by      timestamp with time zone    NULL,
          body            bytea                       NOT NULL,
          attempts        integer                     NULL DEFAULT 0,
          message_type    varchar                     NOT NULL,
      CONSTRAINT pkey_wolverine_outgoing_envelopes_id PRIMARY KEY (id)
      );
      CREATE INDEX idx_wolverine_outgoing_envelopes_owner ON wolverine.wolverine_outgoing_envelopes USING btree (owner_id) WHERE (owner_id &lt;&gt; 0);
      CREATE TABLE IF NOT EXISTS wolverine.wolverine_incoming_envelopes (
          id                uuid                        NOT NULL,
          status            varchar                     NOT NULL,
          owner_id          integer                     NOT NULL,
          execution_time    timestamp with time zone    NULL DEFAULT NULL,
          attempts          integer                     NULL DEFAULT 0,
          body              bytea                       NOT NULL,
          message_type      varchar                     NOT NULL,
          received_at       varchar                     NULL,
          keep_until        timestamp with time zone    NULL,
      CONSTRAINT pkey_wolverine_incoming_envelopes_id PRIMARY KEY (id)
      );
      CREATE INDEX idx_wolverine_incoming_envelopes_owner ON wolverine.wolverine_incoming_envelopes USING btree (owner_id) WHERE (owner_id &lt;&gt; 0);
      CREATE TABLE IF NOT EXISTS wolverine.wolverine_dead_letters (
          id                   uuid                        NOT NULL,
          execution_time       timestamp with time zone    NULL DEFAULT NULL,
          body                 bytea                       NOT NULL,
          message_type         varchar                     NOT NULL,
          received_at          varchar                     NULL,
          source               varchar                     NULL,
          exception_type       varchar                     NULL,
          exception_message    varchar                     NULL,
          sent_at              timestamp with time zone    NULL,
          replayable           boolean                     NULL,
      CONSTRAINT pkey_wolverine_dead_letters_id PRIMARY KEY (id)
      );
      CREATE INDEX idx_wolverine_dead_letters_replayable ON wolverine.wolverine_dead_letters USING btree (replayable) WHERE (replayable = true);
      CREATE TABLE IF NOT EXISTS wolverine.wolverine_nodes (
          id              uuid                        NOT NULL,
          node_number     serial                      NOT NULL,
          description     varchar                     NOT NULL,
          uri             varchar                     NOT NULL,
          started         timestamp with time zone    NOT NULL DEFAULT now(),
          health_check    timestamp with time zone    NOT NULL DEFAULT now(),
          version         varchar                     NULL,
          capabilities    text[]                      NULL,
      CONSTRAINT pkey_wolverine_nodes_id PRIMARY KEY (id)
      );
      CREATE TABLE IF NOT EXISTS wolverine.wolverine_node_assignments (
          id         varchar                     NOT NULL,
          node_id    uuid                        NULL,
          started    timestamp with time zone    NOT NULL DEFAULT now(),
      CONSTRAINT pkey_wolverine_node_assignments_id PRIMARY KEY (id)
      );
      ALTER TABLE wolverine.wolverine_node_assignments
      ADD CONSTRAINT fkey_wolverine_node_assignments_node_id FOREIGN KEY(node_id)
      REFERENCES wolverine.wolverine_nodes(id)ON DELETE CASCADE
      ;
      CREATE TABLE IF NOT EXISTS wolverine.wolverine_control_queue (
          id              uuid                        NOT NULL,
          message_type    varchar                     NOT NULL,
          node_id         uuid                        NOT NULL,
          body            bytea                       NOT NULL,
          posted          timestamp with time zone    NOT NULL DEFAULT NOW(),
          expires         timestamp with time zone    NULL,
      CONSTRAINT pkey_wolverine_control_queue_id PRIMARY KEY (id)
      );
      CREATE TABLE IF NOT EXISTS wolverine.wolverine_node_records (
          id             serial                      NOT NULL,
          node_number    integer                     NOT NULL,
          event_name     varchar                     NOT NULL,
          timestamp      timestamp with time zone    NOT NULL DEFAULT now(),
          description    varchar                     NULL,
      CONSTRAINT pkey_wolverine_node_records_id PRIMARY KEY (id)
      );
      CREATE TABLE IF NOT EXISTS wolverine.wolverine_agent_restrictions (
          id      uuid       NOT NULL,
          uri     varchar    NOT NULL,
          type    varchar    NOT NULL,
          node    integer    NOT NULL DEFAULT 0,
      CONSTRAINT pkey_wolverine_agent_restrictions_id PRIMARY KEY (id)
      );
info: Wolverine.Postgresql.PostgresqlMessageStore[0]
      Applied database migration for Wolverine Envelope Storage: DO $$
      BEGIN      IF NOT EXISTS (SELECT 1 FROM pg_catalog.pg_namespace WHERE nspname = 'wolverine') THEN
              BEGIN
                EXECUTE 'CREATE SCHEMA IF NOT EXISTS wolverine';
              EXCEPTION
                WHEN duplicate_schema THEN NULL;
                WHEN unique_violation THEN NULL;
              END;
            END IF;
      END
      $$;
      CREATE TABLE IF NOT EXISTS wolverine.wolverine_outgoing_envelopes (
          id              uuid                        NOT NULL,
          owner_id        integer                     NOT NULL,
          destination     varchar                     NOT NULL,
          deliver_by      timestamp with time zone    NULL,
          body            bytea                       NOT NULL,
          attempts        integer                     NULL DEFAULT 0,
          message_type    varchar                     NOT NULL,
      CONSTRAINT pkey_wolverine_outgoing_envelopes_id PRIMARY KEY (id)
      );
      CREATE INDEX idx_wolverine_outgoing_envelopes_owner ON wolverine.wolverine_outgoing_envelopes USING btree (owner_id) WHERE (owner_id &lt;&gt; 0);
      CREATE TABLE IF NOT EXISTS wolverine.wolverine_incoming_envelopes (
          id                uuid                        NOT NULL,
          status            varchar                     NOT NULL,
          owner_id          integer                     NOT NULL,
          execution_time    timestamp with time zone    NULL DEFAULT NULL,
          attempts          integer                     NULL DEFAULT 0,
          body              bytea                       NOT NULL,
          message_type      varchar                     NOT NULL,
          received_at       varchar                     NULL,
          keep_until        timestamp with time zone    NULL,
      CONSTRAINT pkey_wolverine_incoming_envelopes_id PRIMARY KEY (id)
      );
      CREATE INDEX idx_wolverine_incoming_envelopes_owner ON wolverine.wolverine_incoming_envelopes USING btree (owner_id) WHERE (owner_id &lt;&gt; 0);
      CREATE TABLE IF NOT EXISTS wolverine.wolverine_dead_letters (
          id                   uuid                        NOT NULL,
          execution_time       timestamp with time zone    NULL DEFAULT NULL,
          body                 bytea                       NOT NULL,
          message_type         varchar                     NOT NULL,
          received_at          varchar                     NULL,
          source               varchar                     NULL,
          exception_type       varchar                     NULL,
          exception_message    varchar                     NULL,
          sent_at              timestamp with time zone    NULL,
          replayable           boolean                     NULL,
      CONSTRAINT pkey_wolverine_dead_letters_id PRIMARY KEY (id)
      );
      CREATE INDEX idx_wolverine_dead_letters_replayable ON wolverine.wolverine_dead_letters USING btree (replayable) WHERE (replayable = true);
      CREATE TABLE IF NOT EXISTS wolverine.wolverine_nodes (
          id              uuid                        NOT NULL,
          node_number     serial                      NOT NULL,
          description     varchar                     NOT NULL,
          uri             varchar                     NOT NULL,
          started         timestamp with time zone    NOT NULL DEFAULT now(),
          health_check    timestamp with time zone    NOT NULL DEFAULT now(),
          version         varchar                     NULL,
          capabilities    text[]                      NULL,
      CONSTRAINT pkey_wolverine_nodes_id PRIMARY KEY (id)
      );
      CREATE TABLE IF NOT EXISTS wolverine.wolverine_node_assignments (
          id         varchar                     NOT NULL,
          node_id    uuid                        NULL,
          started    timestamp with time zone    NOT NULL DEFAULT now(),
      CONSTRAINT pkey_wolverine_node_assignments_id PRIMARY KEY (id)
      );
      ALTER TABLE wolverine.wolverine_node_assignments
      ADD CONSTRAINT fkey_wolverine_node_assignments_node_id FOREIGN KEY(node_id)
      REFERENCES wolverine.wolverine_nodes(id)ON DELETE CASCADE
      ;
      CREATE TABLE IF NOT EXISTS wolverine.wolverine_control_queue (
          id              uuid                        NOT NULL,
          message_type    varchar                     NOT NULL,
          node_id         uuid                        NOT NULL,
          body            bytea                       NOT NULL,
          posted          timestamp with time zone    NOT NULL DEFAULT NOW(),
          expires         timestamp with time zone    NULL,
      CONSTRAINT pkey_wolverine_control_queue_id PRIMARY KEY (id)
      );
      CREATE TABLE IF NOT EXISTS wolverine.wolverine_node_records (
          id             serial                      NOT NULL,
          node_number    integer                     NOT NULL,
          event_name     varchar                     NOT NULL,
          timestamp      timestamp with time zone    NOT NULL DEFAULT now(),
          description    varchar                     NULL,
      CONSTRAINT pkey_wolverine_node_records_id PRIMARY KEY (id)
      );
      CREATE TABLE IF NOT EXISTS wolverine.wolverine_agent_restrictions (
          id      uuid       NOT NULL,
          uri     varchar    NOT NULL,
          type    varchar    NOT NULL,
          node    integer    NOT NULL DEFAULT 0,
      CONSTRAINT pkey_wolverine_agent_restrictions_id PRIMARY KEY (id)
      );
info: Wolverine.Postgresql.PostgresqlMessageStore[0]
      Applied database migration for Wolverine Envelope Storage: DO $$
      BEGIN      IF NOT EXISTS (SELECT 1 FROM pg_catalog.pg_namespace WHERE nspname = 'wolverine') THEN
              BEGIN
                EXECUTE 'CREATE SCHEMA IF NOT EXISTS wolverine';
              EXCEPTION
                WHEN duplicate_schema THEN NULL;
                WHEN unique_violation THEN NULL;
              END;
            END IF;
      END
      $$;
      CREATE TABLE IF NOT EXISTS wolverine.wolverine_outgoing_envelopes (
          id              uuid                        NOT NULL,
          owner_id        integer                     NOT NULL,
          destination     varchar                     NOT NULL,
          deliver_by      timestamp with time zone    NULL,
          body            bytea                       NOT NULL,
          attempts        integer                     NULL DEFAULT 0,
          message_type    varchar                     NOT NULL,
      CONSTRAINT pkey_wolverine_outgoing_envelopes_id PRIMARY KEY (id)
      );
      CREATE INDEX idx_wolverine_outgoing_envelopes_owner ON wolverine.wolverine_outgoing_envelopes USING btree (owner_id) WHERE (owner_id &lt;&gt; 0);
      CREATE TABLE IF NOT EXISTS wolverine.wolverine_incoming_envelopes (
          id                uuid                        NOT NULL,
          status            varchar                     NOT NULL,
          owner_id          integer                     NOT NULL,
          execution_time    timestamp with time zone    NULL DEFAULT NULL,
          attempts          integer                     NULL DEFAULT 0,
          body              bytea                       NOT NULL,
          message_type      varchar                     NOT NULL,
          received_at       varchar                     NULL,
          keep_until        timestamp with time zone    NULL,
      CONSTRAINT pkey_wolverine_incoming_envelopes_id PRIMARY KEY (id)
      );
      CREATE INDEX idx_wolverine_incoming_envelopes_owner ON wolverine.wolverine_incoming_envelopes USING btree (owner_id) WHERE (owner_id &lt;&gt; 0);
      CREATE TABLE IF NOT EXISTS wolverine.wolverine_dead_letters (
          id                   uuid                        NOT NULL,
          execution_time       timestamp with time zone    NULL DEFAULT NULL,
          body                 bytea                       NOT NULL,
          message_type         varchar                     NOT NULL,
          received_at          varchar                     NULL,
          source               varchar                     NULL,
          exception_type       varchar                     NULL,
          exception_message    varchar                     NULL,
          sent_at              timestamp with time zone    NULL,
          replayable           boolean                     NULL,
      CONSTRAINT pkey_wolverine_dead_letters_id PRIMARY KEY (id)
      );
      CREATE INDEX idx_wolverine_dead_letters_replayable ON wolverine.wolverine_dead_letters USING btree (replayable) WHERE (replayable = true);
      CREATE TABLE IF NOT EXISTS wolverine.wolverine_nodes (
          id              uuid                        NOT NULL,
          node_number     serial                      NOT NULL,
          description     varchar                     NOT NULL,
          uri             varchar                     NOT NULL,
          started         timestamp with time zone    NOT NULL DEFAULT now(),
          health_check    timestamp with time zone    NOT NULL DEFAULT now(),
          version         varchar                     NULL,
          capabilities    text[]                      NULL,
      CONSTRAINT pkey_wolverine_nodes_id PRIMARY KEY (id)
      );
      CREATE TABLE IF NOT EXISTS wolverine.wolverine_node_assignments (
          id         varchar                     NOT NULL,
          node_id    uuid                        NULL,
          started    timestamp with time zone    NOT NULL DEFAULT now(),
      CONSTRAINT pkey_wolverine_node_assignments_id PRIMARY KEY (id)
      );
      ALTER TABLE wolverine.wolverine_node_assignments
      ADD CONSTRAINT fkey_wolverine_node_assignments_node_id FOREIGN KEY(node_id)
      REFERENCES wolverine.wolverine_nodes(id)ON DELETE CASCADE
      ;
      CREATE TABLE IF NOT EXISTS wolverine.wolverine_control_queue (
          id              uuid                        NOT NULL,
          message_type    varchar                     NOT NULL,
          node_id         uuid                        NOT NULL,
          body            bytea                       NOT NULL,
          posted          timestamp with time zone    NOT NULL DEFAULT NOW(),
          expires         timestamp with time zone    NULL,
      CONSTRAINT pkey_wolverine_control_queue_id PRIMARY KEY (id)
      );
      CREATE TABLE IF NOT EXISTS wolverine.wolverine_node_records (
          id             serial                      NOT NULL,
          node_number    integer                     NOT NULL,
          event_name     varchar                     NOT NULL,
          timestamp      timestamp with time zone    NOT NULL DEFAULT now(),
          description    varchar                     NULL,
      CONSTRAINT pkey_wolverine_node_records_id PRIMARY KEY (id)
      );
      CREATE TABLE IF NOT EXISTS wolverine.wolverine_agent_restrictions (
          id      uuid       NOT NULL,
          uri     varchar    NOT NULL,
          type    varchar    NOT NULL,
          node    integer    NOT NULL DEFAULT 0,
      CONSTRAINT pkey_wolverine_agent_restrictions_id PRIMARY KEY (id)
      );
info: Wolverine.Runtime.WolverineRuntime[0]
      Wolverine assigned node id for envelope persistence is -734593009
info: Wolverine.Runtime.WolverineRuntime[0]
      Wolverine assigned node id for envelope persistence is 826254894
info: Wolverine.Runtime.WolverineRuntime[0]
      Wolverine assigned node id for envelope persistence is 211350131
info: Wolverine.Transports.ListeningAgent[0]
      Started message listening at stub://replies/
info: Wolverine.Transports.ListeningAgent[0]
      Started message listening at stub://replies/
info: Wolverine.Transports.ListeningAgent[0]
      Started message listening at stub://replies/
info: Wolverine.Transports.ListeningAgent[0]
      Started message listening at dbcontrol://c43a3a96-f31f-4448-befd-ef635e304889/
info: Wolverine.Transports.ListeningAgent[0]
      Started message listening at dbcontrol://5ef2036a-3028-40fd-b701-da16fb526051/
info: Wolverine.Transports.ListeningAgent[0]
      Started message listening at dbcontrol://31c1b049-21cd-41bd-ac0e-ac570932659b/
info: Wolverine.Runtime.Agents.NodeAgentController[0]
      Starting agents for Node c43a3a96-f31f-4448-befd-ef635e304889 with assigned node id 1 and Control Uri dbcontrol://c43a3a96-f31f-4448-befd-ef635e304889/
info: Wolverine.Runtime.Agents.NodeAgentController[0]
      Starting agents for Node 31c1b049-21cd-41bd-ac0e-ac570932659b with assigned node id 1 and Control Uri dbcontrol://31c1b049-21cd-41bd-ac0e-ac570932659b/
info: Wolverine.Runtime.Agents.NodeAgentController[0]
      Starting agents for Node 5ef2036a-3028-40fd-b701-da16fb526051 with assigned node id 1 and Control Uri dbcontrol://5ef2036a-3028-40fd-b701-da16fb526051/
info: Microsoft.Hosting.Lifetime[0]
      Application started. Press Ctrl+C to shut down.
info: Microsoft.Hosting.Lifetime[0]
      Hosting environment: Testing
info: Microsoft.Hosting.Lifetime[0]
      Content root path: /Users/jarod/coding/location-saas/src/Premise.Api
info: Microsoft.Hosting.Lifetime[0]
      Application started. Press Ctrl+C to shut down.
info: Microsoft.Hosting.Lifetime[0]
      Hosting environment: Testing
info: Microsoft.Hosting.Lifetime[0]
      Content root path: /Users/jarod/coding/location-saas/src/Premise.Api
info: Microsoft.Hosting.Lifetime[0]
      Application started. Press Ctrl+C to shut down.
info: Microsoft.Hosting.Lifetime[0]
      Hosting environment: Testing
info: Microsoft.Hosting.Lifetime[0]
      Content root path: /Users/jarod/coding/location-saas/src/Premise.Api
info: Microsoft.EntityFrameworkCore.Database.Command[20101]
      Executed DbCommand (5ms) [Parameters=[@evt_OrgId='?' (DbType = Guid)], CommandType='Text', CommandTimeout='30']
      SELECT o.org_id, o.external_id, o.is_platform, o.name, o.region, o.slug, o.status, o.synced_at
      FROM identity.org_directory AS o
      WHERE o.org_id = @evt_OrgId
      LIMIT 1
info: Microsoft.EntityFrameworkCore.Database.Command[20101]
      Executed DbCommand (11ms) [Parameters=[@evt_OrgId='?' (DbType = Guid)], CommandType='Text', CommandTimeout='30']
      SELECT o.org_id, o.external_id, o.is_platform, o.name, o.region, o.slug, o.status, o.synced_at
      FROM identity.org_directory AS o
      WHERE o.org_id = @evt_OrgId
      LIMIT 1
info: Microsoft.EntityFrameworkCore.Database.Command[20101]
      Executed DbCommand (5ms) [Parameters=[@evt_OrgId='?' (DbType = Guid)], CommandType='Text', CommandTimeout='30']
      SELECT o.org_id, o.external_id, o.is_platform, o.name, o.region, o.slug, o.status, o.synced_at
      FROM identity.org_directory AS o
      WHERE o.org_id = @evt_OrgId
      LIMIT 1
info: Microsoft.EntityFrameworkCore.Database.Command[20101]
      Executed DbCommand (5ms) [Parameters=[@evt_OrgId='?' (DbType = Guid)], CommandType='Text', CommandTimeout='30']
      SELECT o.org_id, o.external_id, o.is_platform, o.name, o.region, o.slug, o.status, o.synced_at
      FROM identity.org_directory AS o
      WHERE o.org_id = @evt_OrgId
      LIMIT 1
info: Microsoft.EntityFrameworkCore.Database.Command[20101]
      Executed DbCommand (5ms) [Parameters=[@evt_OrgId='?' (DbType = Guid)], CommandType='Text', CommandTimeout='30']
      SELECT o.org_id, o.external_id, o.is_platform, o.name, o.region, o.slug, o.status, o.synced_at
      FROM identity.org_directory AS o
      WHERE o.org_id = @evt_OrgId
      LIMIT 1
info: Microsoft.EntityFrameworkCore.Database.Command[20101]
      Executed DbCommand (11ms) [Parameters=[@evt_OrgId='?' (DbType = Guid)], CommandType='Text', CommandTimeout='30']
      SELECT o.org_id, o.external_id, o.is_platform, o.name, o.region, o.slug, o.status, o.synced_at
      FROM identity.org_directory AS o
      WHERE o.org_id = @evt_OrgId
      LIMIT 1
info: Microsoft.EntityFrameworkCore.Database.Command[20101]
      Executed DbCommand (5ms) [Parameters=[@evt_OrgId='?' (DbType = Guid)], CommandType='Text', CommandTimeout='30']
      SELECT o.org_id, o.external_id, o.is_platform, o.name, o.region, o.slug, o.status, o.synced_at
      FROM identity.org_directory AS o
      WHERE o.org_id = @evt_OrgId
      LIMIT 1
info: Microsoft.EntityFrameworkCore.Database.Command[20101]
      Executed DbCommand (11ms) [Parameters=[@evt_OrgId='?' (DbType = Guid)], CommandType='Text', CommandTimeout='30']
      SELECT o.org_id, o.external_id, o.is_platform, o.name, o.region, o.slug, o.status, o.synced_at
      FROM identity.org_directory AS o
      WHERE o.org_id = @evt_OrgId
      LIMIT 1
info: Microsoft.EntityFrameworkCore.Database.Command[20101]
      Executed DbCommand (11ms) [Parameters=[@evt_OrgId='?' (DbType = Guid)], CommandType='Text', CommandTimeout='30']
      SELECT o.org_id, o.external_id, o.is_platform, o.name, o.region, o.slug, o.status, o.synced_at
      FROM identity.org_directory AS o
      WHERE o.org_id = @evt_OrgId
      LIMIT 1
info: Microsoft.EntityFrameworkCore.Database.Command[20101]
      Executed DbCommand (5ms) [Parameters=[@p0='?' (DbType = Guid), @p1='?' (DbType = Guid), @p2='?', @p3='?', @p4='?' (DbType = Object), @p5='?' (DbType = DateTime), @p6='?', @p7='?' (DbType = Guid), @p8='?', @p9='?', @p10='?', @p11='?' (DbType = Guid), @p12='?', @p13='?' (DbType = Boolean), @p14='?', @p15='?', @p16='?', @p17='?', @p18='?' (DbType = DateTime)], CommandType='Text', CommandTimeout='30']
      INSERT INTO audit.change_log (id, actor_id, actor_label, actor_tier, diff, occurred_at, operation, org_id, row_id, schema_name, table_name)
      VALUES (@p0, @p1, @p2, @p3, @p4, @p5, @p6, @p7, @p8, @p9, @p10);
      INSERT INTO identity.org_directory (org_id, external_id, is_platform, name, region, slug, status, synced_at)
      VALUES (@p11, @p12, @p13, @p14, @p15, @p16, @p17, @p18);
info: Microsoft.EntityFrameworkCore.Database.Command[20101]
      Executed DbCommand (6ms) [Parameters=[@p0='?' (DbType = Guid), @p1='?' (DbType = Guid), @p2='?', @p3='?', @p4='?' (DbType = Object), @p5='?' (DbType = DateTime), @p6='?', @p7='?' (DbType = Guid), @p8='?', @p9='?', @p10='?', @p11='?' (DbType = Guid), @p12='?', @p13='?' (DbType = Boolean), @p14='?', @p15='?', @p16='?', @p17='?', @p18='?' (DbType = DateTime)], CommandType='Text', CommandTimeout='30']
      INSERT INTO audit.change_log (id, actor_id, actor_label, actor_tier, diff, occurred_at, operation, org_id, row_id, schema_name, table_name)
      VALUES (@p0, @p1, @p2, @p3, @p4, @p5, @p6, @p7, @p8, @p9, @p10);
      INSERT INTO identity.org_directory (org_id, external_id, is_platform, name, region, slug, status, synced_at)
      VALUES (@p11, @p12, @p13, @p14, @p15, @p16, @p17, @p18);
info: Microsoft.EntityFrameworkCore.Database.Command[20101]
      Executed DbCommand (6ms) [Parameters=[@p0='?' (DbType = Guid), @p1='?' (DbType = Guid), @p2='?', @p3='?', @p4='?' (DbType = Object), @p5='?' (DbType = DateTime), @p6='?', @p7='?' (DbType = Guid), @p8='?', @p9='?', @p10='?', @p11='?' (DbType = Guid), @p12='?', @p13='?' (DbType = Boolean), @p14='?', @p15='?', @p16='?', @p17='?', @p18='?' (DbType = DateTime)], CommandType='Text', CommandTimeout='30']
      INSERT INTO audit.change_log (id, actor_id, actor_label, actor_tier, diff, occurred_at, operation, org_id, row_id, schema_name, table_name)
      VALUES (@p0, @p1, @p2, @p3, @p4, @p5, @p6, @p7, @p8, @p9, @p10);
      INSERT INTO identity.org_directory (org_id, external_id, is_platform, name, region, slug, status, synced_at)
      VALUES (@p11, @p12, @p13, @p14, @p15, @p16, @p17, @p18);
info: Microsoft.EntityFrameworkCore.Database.Command[20101]
      Executed DbCommand (6ms) [Parameters=[@p0='?' (DbType = Guid), @p1='?' (DbType = Guid), @p2='?', @p3='?', @p4='?' (DbType = Object), @p5='?' (DbType = DateTime), @p6='?', @p7='?' (DbType = Guid), @p8='?', @p9='?', @p10='?', @p11='?' (DbType = Guid), @p12='?', @p13='?' (DbType = Boolean), @p14='?', @p15='?', @p16='?', @p17='?', @p18='?' (DbType = DateTime)], CommandType='Text', CommandTimeout='30']
      INSERT INTO audit.change_log (id, actor_id, actor_label, actor_tier, diff, occurred_at, operation, org_id, row_id, schema_name, table_name)
      VALUES (@p0, @p1, @p2, @p3, @p4, @p5, @p6, @p7, @p8, @p9, @p10);
      INSERT INTO identity.org_directory (org_id, external_id, is_platform, name, region, slug, status, synced_at)
      VALUES (@p11, @p12, @p13, @p14, @p15, @p16, @p17, @p18);
info: Microsoft.EntityFrameworkCore.Database.Command[20101]
      Executed DbCommand (6ms) [Parameters=[@p0='?' (DbType = Guid), @p1='?' (DbType = Guid), @p2='?', @p3='?', @p4='?' (DbType = Object), @p5='?' (DbType = DateTime), @p6='?', @p7='?' (DbType = Guid), @p8='?', @p9='?', @p10='?', @p11='?' (DbType = Guid), @p12='?', @p13='?' (DbType = Boolean), @p14='?', @p15='?', @p16='?', @p17='?', @p18='?' (DbType = DateTime)], CommandType='Text', CommandTimeout='30']
      INSERT INTO audit.change_log (id, actor_id, actor_label, actor_tier, diff, occurred_at, operation, org_id, row_id, schema_name, table_name)
      VALUES (@p0, @p1, @p2, @p3, @p4, @p5, @p6, @p7, @p8, @p9, @p10);
      INSERT INTO identity.org_directory (org_id, external_id, is_platform, name, region, slug, status, synced_at)
      VALUES (@p11, @p12, @p13, @p14, @p15, @p16, @p17, @p18);
info: Microsoft.EntityFrameworkCore.Database.Command[20101]
      Executed DbCommand (6ms) [Parameters=[@p0='?' (DbType = Guid), @p1='?' (DbType = Guid), @p2='?', @p3='?', @p4='?' (DbType = Object), @p5='?' (DbType = DateTime), @p6='?', @p7='?' (DbType = Guid), @p8='?', @p9='?', @p10='?', @p11='?' (DbType = Guid), @p12='?', @p13='?' (DbType = Boolean), @p14='?', @p15='?', @p16='?', @p17='?', @p18='?' (DbType = DateTime)], CommandType='Text', CommandTimeout='30']
      INSERT INTO audit.change_log (id, actor_id, actor_label, actor_tier, diff, occurred_at, operation, org_id, row_id, schema_name, table_name)
      VALUES (@p0, @p1, @p2, @p3, @p4, @p5, @p6, @p7, @p8, @p9, @p10);
      INSERT INTO identity.org_directory (org_id, external_id, is_platform, name, region, slug, status, synced_at)
      VALUES (@p11, @p12, @p13, @p14, @p15, @p16, @p17, @p18);
info: Microsoft.EntityFrameworkCore.Database.Command[20101]
      Executed DbCommand (6ms) [Parameters=[@p0='?' (DbType = Guid), @p1='?' (DbType = Guid), @p2='?', @p3='?', @p4='?' (DbType = Object), @p5='?' (DbType = DateTime), @p6='?', @p7='?' (DbType = Guid), @p8='?', @p9='?', @p10='?', @p11='?' (DbType = Guid), @p12='?', @p13='?' (DbType = Boolean), @p14='?', @p15='?', @p16='?', @p17='?', @p18='?' (DbType = DateTime)], CommandType='Text', CommandTimeout='30']
      INSERT INTO audit.change_log (id, actor_id, actor_label, actor_tier, diff, occurred_at, operation, org_id, row_id, schema_name, table_name)
      VALUES (@p0, @p1, @p2, @p3, @p4, @p5, @p6, @p7, @p8, @p9, @p10);
      INSERT INTO identity.org_directory (org_id, external_id, is_platform, name, region, slug, status, synced_at)
      VALUES (@p11, @p12, @p13, @p14, @p15, @p16, @p17, @p18);
info: Microsoft.EntityFrameworkCore.Database.Command[20101]
      Executed DbCommand (6ms) [Parameters=[@p0='?' (DbType = Guid), @p1='?' (DbType = Guid), @p2='?', @p3='?', @p4='?' (DbType = Object), @p5='?' (DbType = DateTime), @p6='?', @p7='?' (DbType = Guid), @p8='?', @p9='?', @p10='?', @p11='?' (DbType = Guid), @p12='?', @p13='?' (DbType = Boolean), @p14='?', @p15='?', @p16='?', @p17='?', @p18='?' (DbType = DateTime)], CommandType='Text', CommandTimeout='30']
      INSERT INTO audit.change_log (id, actor_id, actor_label, actor_tier, diff, occurred_at, operation, org_id, row_id, schema_name, table_name)
      VALUES (@p0, @p1, @p2, @p3, @p4, @p5, @p6, @p7, @p8, @p9, @p10);
      INSERT INTO identity.org_directory (org_id, external_id, is_platform, name, region, slug, status, synced_at)
      VALUES (@p11, @p12, @p13, @p14, @p15, @p16, @p17, @p18);
info: Microsoft.EntityFrameworkCore.Database.Command[20101]
      Executed DbCommand (6ms) [Parameters=[@p0='?' (DbType = Guid), @p1='?' (DbType = Guid), @p2='?', @p3='?', @p4='?' (DbType = Object), @p5='?' (DbType = DateTime), @p6='?', @p7='?' (DbType = Guid), @p8='?', @p9='?', @p10='?', @p11='?' (DbType = Guid), @p12='?', @p13='?' (DbType = Boolean), @p14='?', @p15='?', @p16='?', @p17='?', @p18='?' (DbType = DateTime)], CommandType='Text', CommandTimeout='30']
      INSERT INTO audit.change_log (id, actor_id, actor_label, actor_tier, diff, occurred_at, operation, org_id, row_id, schema_name, table_name)
      VALUES (@p0, @p1, @p2, @p3, @p4, @p5, @p6, @p7, @p8, @p9, @p10);
      INSERT INTO identity.org_directory (org_id, external_id, is_platform, name, region, slug, status, synced_at)
      VALUES (@p11, @p12, @p13, @p14, @p15, @p16, @p17, @p18);
info: Microsoft.EntityFrameworkCore.Database.Command[20101]
      Executed DbCommand (3ms) [Parameters=[@slug='?'], CommandType='Text', CommandTimeout='30']
      SELECT o.id, o.created_at, o.external_id, o.is_platform, o.name, o.region, o.slug, o.status
      FROM tenancy.organizations AS o
      WHERE o.slug = @slug
      LIMIT 1
info: Microsoft.EntityFrameworkCore.Database.Command[20101]
      Executed DbCommand (3ms) [Parameters=[@slug='?'], CommandType='Text', CommandTimeout='30']
      SELECT o.id, o.created_at, o.external_id, o.is_platform, o.name, o.region, o.slug, o.status
      FROM tenancy.organizations AS o
      WHERE o.slug = @slug
      LIMIT 1
info: Microsoft.EntityFrameworkCore.Database.Command[20101]
      Executed DbCommand (3ms) [Parameters=[@slug='?'], CommandType='Text', CommandTimeout='30']
      SELECT o.id, o.created_at, o.external_id, o.is_platform, o.name, o.region, o.slug, o.status
      FROM tenancy.organizations AS o
      WHERE o.slug = @slug
      LIMIT 1
info: Microsoft.EntityFrameworkCore.Database.Command[20101]
      Executed DbCommand (4ms) [Parameters=[@slug='?'], CommandType='Text', CommandTimeout='30']
      SELECT o.id, o.created_at, o.external_id, o.is_platform, o.name, o.region, o.slug, o.status
      FROM tenancy.organizations AS o
      WHERE o.slug = @slug
      LIMIT 1
info: Microsoft.EntityFrameworkCore.Database.Command[20101]
      Executed DbCommand (5ms) [Parameters=[@slug='?'], CommandType='Text', CommandTimeout='30']
      SELECT o.id, o.created_at, o.external_id, o.is_platform, o.name, o.region, o.slug, o.status
      FROM tenancy.organizations AS o
      WHERE o.slug = @slug
      LIMIT 1
info: Microsoft.EntityFrameworkCore.Database.Command[20101]
      Executed DbCommand (5ms) [Parameters=[@slug='?'], CommandType='Text', CommandTimeout='30']
      SELECT o.id, o.created_at, o.external_id, o.is_platform, o.name, o.region, o.slug, o.status
      FROM tenancy.organizations AS o
      WHERE o.slug = @slug
      LIMIT 1
info: Microsoft.EntityFrameworkCore.Database.Command[20101]
      Executed DbCommand (1ms) [Parameters=[@identity_Provider='?', @identity_Subject='?'], CommandType='Text', CommandTimeout='30']
      SELECT u.id, u.created_at, u.email, u.name, u.provider, u.subject
      FROM identity.users AS u
      WHERE u.provider = @identity_Provider AND u.subject = @identity_Subject
      LIMIT 1
info: Microsoft.EntityFrameworkCore.Database.Command[20101]
      Executed DbCommand (1ms) [Parameters=[@identity_Provider='?', @identity_Subject='?'], CommandType='Text', CommandTimeout='30']
      SELECT u.id, u.created_at, u.email, u.name, u.provider, u.subject
      FROM identity.users AS u
      WHERE u.provider = @identity_Provider AND u.subject = @identity_Subject
      LIMIT 1
info: Microsoft.EntityFrameworkCore.Database.Command[20101]
      Executed DbCommand (1ms) [Parameters=[@identity_Provider='?', @identity_Subject='?'], CommandType='Text', CommandTimeout='30']
      SELECT u.id, u.created_at, u.email, u.name, u.provider, u.subject
      FROM identity.users AS u
      WHERE u.provider = @identity_Provider AND u.subject = @identity_Subject
      LIMIT 1
info: Microsoft.EntityFrameworkCore.Database.Command[20101]
      Executed DbCommand (2ms) [Parameters=[@p0='?' (DbType = Guid), @p1='?' (DbType = Guid), @p2='?', @p3='?', @p4='?' (DbType = Object), @p5='?' (DbType = DateTime), @p6='?', @p7='?' (DbType = Guid), @p8='?', @p9='?', @p10='?', @p12='?' (DbType = Guid), @p11='?'], CommandType='Text', CommandTimeout='30']
      INSERT INTO audit.change_log (id, actor_id, actor_label, actor_tier, diff, occurred_at, operation, org_id, row_id, schema_name, table_name)
      VALUES (@p0, @p1, @p2, @p3, @p4, @p5, @p6, @p7, @p8, @p9, @p10);
      UPDATE identity.users SET name = @p11
      WHERE id = @p12;
info: Microsoft.EntityFrameworkCore.Database.Command[20101]
      Executed DbCommand (2ms) [Parameters=[@p0='?' (DbType = Guid), @p1='?' (DbType = Guid), @p2='?', @p3='?', @p4='?' (DbType = Object), @p5='?' (DbType = DateTime), @p6='?', @p7='?' (DbType = Guid), @p8='?', @p9='?', @p10='?', @p12='?' (DbType = Guid), @p11='?'], CommandType='Text', CommandTimeout='30']
      INSERT INTO audit.change_log (id, actor_id, actor_label, actor_tier, diff, occurred_at, operation, org_id, row_id, schema_name, table_name)
      VALUES (@p0, @p1, @p2, @p3, @p4, @p5, @p6, @p7, @p8, @p9, @p10);
      UPDATE identity.users SET name = @p11
      WHERE id = @p12;
info: Microsoft.EntityFrameworkCore.Database.Command[20101]
      Executed DbCommand (3ms) [Parameters=[@p0='?' (DbType = Guid), @p1='?' (DbType = Guid), @p2='?', @p3='?', @p4='?' (DbType = Object), @p5='?' (DbType = DateTime), @p6='?', @p7='?' (DbType = Guid), @p8='?', @p9='?', @p10='?', @p12='?' (DbType = Guid), @p11='?'], CommandType='Text', CommandTimeout='30']
      INSERT INTO audit.change_log (id, actor_id, actor_label, actor_tier, diff, occurred_at, operation, org_id, row_id, schema_name, table_name)
      VALUES (@p0, @p1, @p2, @p3, @p4, @p5, @p6, @p7, @p8, @p9, @p10);
      UPDATE identity.users SET name = @p11
      WHERE id = @p12;
info: Microsoft.EntityFrameworkCore.Database.Command[20101]
      Executed DbCommand (3ms) [Parameters=[@user_Id='?' (DbType = Guid)], CommandType='Text', CommandTimeout='30']
      SELECT m.org_id
      FROM identity.memberships AS m
      WHERE m.user_id = @user_Id
      ORDER BY m.created_at, m.id
      LIMIT 1
info: Microsoft.EntityFrameworkCore.Database.Command[20101]
      Executed DbCommand (3ms) [Parameters=[@user_Id='?' (DbType = Guid)], CommandType='Text', CommandTimeout='30']
      SELECT m.org_id
      FROM identity.memberships AS m
      WHERE m.user_id = @user_Id
      ORDER BY m.created_at, m.id
      LIMIT 1
info: Microsoft.EntityFrameworkCore.Database.Command[20101]
      Executed DbCommand (3ms) [Parameters=[@user_Id='?' (DbType = Guid)], CommandType='Text', CommandTimeout='30']
      SELECT m.org_id
      FROM identity.memberships AS m
      WHERE m.user_id = @user_Id
      ORDER BY m.created_at, m.id
      LIMIT 1
info: Microsoft.EntityFrameworkCore.Database.Command[20101]
      Executed DbCommand (2ms) [Parameters=[@p0='?' (DbType = Guid), @p1='?' (DbType = Guid), @p2='?', @p3='?', @p4='?' (DbType = Object), @p5='?' (DbType = DateTime), @p6='?', @p7='?' (DbType = Guid), @p8='?', @p9='?', @p10='?', @p11='?' (DbType = Guid), @p12='?' (DbType = DateTime), @p13='?' (DbType = DateTime), @p14='?', @p15='?' (DbType = Guid)], CommandType='Text', CommandTimeout='30']
      INSERT INTO audit.change_log (id, actor_id, actor_label, actor_tier, diff, occurred_at, operation, org_id, row_id, schema_name, table_name)
      VALUES (@p0, @p1, @p2, @p3, @p4, @p5, @p6, @p7, @p8, @p9, @p10);
      INSERT INTO identity.user_sessions (id, created_at, revoked_at, user_agent, user_id)
      VALUES (@p11, @p12, @p13, @p14, @p15);
info: Microsoft.EntityFrameworkCore.Database.Command[20101]
      Executed DbCommand (2ms) [Parameters=[@p0='?' (DbType = Guid), @p1='?' (DbType = Guid), @p2='?', @p3='?', @p4='?' (DbType = Object), @p5='?' (DbType = DateTime), @p6='?', @p7='?' (DbType = Guid), @p8='?', @p9='?', @p10='?', @p11='?' (DbType = Guid), @p12='?' (DbType = DateTime), @p13='?' (DbType = DateTime), @p14='?', @p15='?' (DbType = Guid)], CommandType='Text', CommandTimeout='30']
      INSERT INTO audit.change_log (id, actor_id, actor_label, actor_tier, diff, occurred_at, operation, org_id, row_id, schema_name, table_name)
      VALUES (@p0, @p1, @p2, @p3, @p4, @p5, @p6, @p7, @p8, @p9, @p10);
      INSERT INTO identity.user_sessions (id, created_at, revoked_at, user_agent, user_id)
      VALUES (@p11, @p12, @p13, @p14, @p15);
info: Microsoft.EntityFrameworkCore.Database.Command[20101]
      Executed DbCommand (3ms) [Parameters=[@p0='?' (DbType = Guid), @p1='?' (DbType = Guid), @p2='?', @p3='?', @p4='?' (DbType = Object), @p5='?' (DbType = DateTime), @p6='?', @p7='?' (DbType = Guid), @p8='?', @p9='?', @p10='?', @p11='?' (DbType = Guid), @p12='?' (DbType = DateTime), @p13='?' (DbType = DateTime), @p14='?', @p15='?' (DbType = Guid)], CommandType='Text', CommandTimeout='30']
      INSERT INTO audit.change_log (id, actor_id, actor_label, actor_tier, diff, occurred_at, operation, org_id, row_id, schema_name, table_name)
      VALUES (@p0, @p1, @p2, @p3, @p4, @p5, @p6, @p7, @p8, @p9, @p10);
      INSERT INTO identity.user_sessions (id, created_at, revoked_at, user_agent, user_id)
      VALUES (@p11, @p12, @p13, @p14, @p15);
info: Microsoft.EntityFrameworkCore.Database.Command[20101]
      Executed DbCommand (2ms) [Parameters=[@sessionId='?' (DbType = Guid)], CommandType='Text', CommandTimeout='30']
      SELECT EXISTS (
          SELECT 1
          FROM identity.user_sessions AS u
          WHERE u.id = @sessionId AND u.revoked_at IS NULL)
info: Microsoft.EntityFrameworkCore.Database.Command[20101]
      Executed DbCommand (2ms) [Parameters=[@sessionId='?' (DbType = Guid)], CommandType='Text', CommandTimeout='30']
      SELECT EXISTS (
          SELECT 1
          FROM identity.user_sessions AS u
          WHERE u.id = @sessionId AND u.revoked_at IS NULL)
info: Microsoft.EntityFrameworkCore.Database.Command[20101]
      Executed DbCommand (2ms) [Parameters=[@sessionId='?' (DbType = Guid)], CommandType='Text', CommandTimeout='30']
      SELECT EXISTS (
          SELECT 1
          FROM identity.user_sessions AS u
          WHERE u.id = @sessionId AND u.revoked_at IS NULL)
info: Microsoft.EntityFrameworkCore.Database.Command[20101]
[...]
      INSERT INTO audit.change_log (id, actor_id, actor_label, actor_tier, diff, occurred_at, operation, org_id, row_id, schema_name, table_name)
      VALUES (@p0, @p1, @p2, @p3, @p4, @p5, @p6, @p7, @p8, @p9, @p10);
      INSERT INTO audit.change_log (id, actor_id, actor_label, actor_tier, diff, occurred_at, operation, org_id, row_id, schema_name, table_name)
      VALUES (@p11, @p12, @p13, @p14, @p15, @p16, @p17, @p18, @p19, @p20, @p21);
      INSERT INTO audit.change_log (id, actor_id, actor_label, actor_tier, diff, occurred_at, operation, org_id, row_id, schema_name, table_name)
      VALUES (@p22, @p23, @p24, @p25, @p26, @p27, @p28, @p29, @p30, @p31, @p32);
      INSERT INTO ingest.import_batches (id, counts, created_at, created_by, org_id, source, status)
      VALUES (@p33, @p34, @p35, @p36, @p37, @p38, @p39);
      INSERT INTO ingest.staged_sites (id, action, batch_id, changes, errors, external_id, name, node_id, node_path, org_id, source_status, time_zone)
      VALUES (@p40, @p41, @p42, @p43, @p44, @p45, @p46, @p47, @p48, @p49, @p50, @p51);
      INSERT INTO ingest.staged_sites (id, action, batch_id, changes, errors, external_id, name, node_id, node_path, org_id, source_status, time_zone)
      VALUES (@p52, @p53, @p54, @p55, @p56, @p57, @p58, @p59, @p60, @p61, @p62, @p63);
info: Microsoft.EntityFrameworkCore.Database.Command[20101]
      Executed DbCommand (0ms) [Parameters=[@sessionId='?' (DbType = Guid)], CommandType='Text', CommandTimeout='30']
      SELECT EXISTS (
          SELECT 1
          FROM identity.user_sessions AS u
          WHERE u.id = @sessionId AND u.revoked_at IS NULL)
info: Microsoft.EntityFrameworkCore.Database.Command[20101]
      Executed DbCommand (0ms) [Parameters=[@org='?' (DbType = Guid)], CommandType='Text', CommandTimeout='30']
      SELECT o.status
      FROM identity.org_directory AS o
      WHERE o.org_id = @org
      LIMIT 1
info: Microsoft.EntityFrameworkCore.Database.Command[20101]
      Executed DbCommand (1ms) [Parameters=[@ef_filter__CurrentOrg='?' (DbType = Guid), @ef_filter__CurrentOrg0='?' (DbType = Guid), @userId='?' (DbType = Guid), @org='?' (DbType = Guid), @domain='?', @verb='?'], CommandType='Text', CommandTimeout='30']
      SELECT DISTINCT m1.scope_path
      FROM identity.memberships AS m
      INNER JOIN (
          SELECT m0.membership_id, m0.role_id, m0.scope_path
          FROM identity.membership_roles AS m0
          WHERE m0.org_id = @ef_filter__CurrentOrg
      ) AS m1 ON m.id = m1.membership_id
      INNER JOIN (
          SELECT r.action, r.domain, r.role_id
          FROM identity.role_grants AS r
          WHERE r.org_id = @ef_filter__CurrentOrg0
      ) AS r0 ON m1.role_id = r0.role_id
      WHERE m.user_id = @userId AND m.org_id = @org AND (r0.domain = @domain OR r0.domain = '*') AND (r0.action = @verb OR r0.action = '*')
info: Microsoft.EntityFrameworkCore.Database.Command[20101]
      Executed DbCommand (0ms) [Parameters=[@ef_filter__CurrentOrg='?' (DbType = Guid), @userId='?' (DbType = Guid), @org='?' (DbType = Guid), @now='?' (DbType = DateTime), @domain='?', @verb='?'], CommandType='Text', CommandTimeout='30']
      SELECT DISTINCT g.scope_path
      FROM identity.grant_exceptions AS g
      WHERE g.org_id = @ef_filter__CurrentOrg AND g.user_id = @userId AND g.org_id = @org AND g.expires_at &gt; @now AND (g.domain = @domain OR g.domain = '*') AND (g.action = @verb OR g.action = '*')
info: Microsoft.EntityFrameworkCore.Database.Command[20101]
      Executed DbCommand (0ms) [Parameters=[@ef_filter__CurrentOrg='?' (DbType = Guid), @id='?' (DbType = Guid)], CommandType='Text', CommandTimeout='30']
      SELECT i.id, i.counts, i.created_at, i.created_by, i.org_id, i.source, i.status
      FROM ingest.import_batches AS i
      WHERE i.org_id = @ef_filter__CurrentOrg AND i.id = @id
      LIMIT 1
info: Microsoft.EntityFrameworkCore.Database.Command[20101]
      Executed DbCommand (0ms) [Parameters=[@ef_filter__CurrentOrg='?' (DbType = Guid), @id='?' (DbType = Guid)], CommandType='Text', CommandTimeout='30']
      SELECT s.id, s.action, s.batch_id, s.changes, s.errors, s.external_id, s.name, s.node_id, s.node_path, s.org_id, s.source_status, s.time_zone
      FROM ingest.staged_sites AS s
      WHERE s.org_id = @ef_filter__CurrentOrg AND s.batch_id = @id AND s.action IN ('create', 'update', 'close')
info: Microsoft.EntityFrameworkCore.Database.Command[20101]
      Executed DbCommand (1ms) [Parameters=[@p0='?' (DbType = Guid), @p1='?' (DbType = Guid), @p2='?', @p3='?', @p4='?' (DbType = Object), @p5='?' (DbType = DateTime), @p6='?', @p7='?' (DbType = Guid), @p8='?', @p9='?', @p10='?', @p11='?' (DbType = Guid), @p12='?' (DbType = Guid), @p13='?', @p14='?', @p15='?' (DbType = Object), @p16='?' (DbType = DateTime), @p17='?', @p18='?' (DbType = Guid), @p19='?', @p20='?', @p21='?', @p22='?' (DbType = Guid), @p23='?' (DbType = Guid), @p24='?', @p25='?', @p26='?' (DbType = Object), @p27='?' (DbType = DateTime), @p28='?', @p29='?' (DbType = Guid), @p30='?', @p31='?', @p32='?', @p34='?' (DbType = Guid), @p33='?', @p35='?' (DbType = Guid), @p36='?' (DbType = Int32), @p37='?' (DbType = Binary), @p38='?' (DbType = DateTime), @p39='?' (DbType = DateTime), @p40='?', @p41='?' (DbType = Int32), @p42='?', @p43='?', @p44='?' (DbType = Guid), @p45='?' (DbType = Int32), @p46='?' (DbType = Binary), @p47='?' (DbType = DateTime), @p48='?' (DbType = DateTime), @p49='?', @p50='?' (DbType = Int32), @p51='?', @p52='?'], CommandType='Text', CommandTimeout='30']
      INSERT INTO audit.change_log (id, actor_id, actor_label, actor_tier, diff, occurred_at, operation, org_id, row_id, schema_name, table_name)
      VALUES (@p0, @p1, @p2, @p3, @p4, @p5, @p6, @p7, @p8, @p9, @p10);
      INSERT INTO audit.change_log (id, actor_id, actor_label, actor_tier, diff, occurred_at, operation, org_id, row_id, schema_name, table_name)
      VALUES (@p11, @p12, @p13, @p14, @p15, @p16, @p17, @p18, @p19, @p20, @p21);
      INSERT INTO audit.change_log (id, actor_id, actor_label, actor_tier, diff, occurred_at, operation, org_id, row_id, schema_name, table_name)
      VALUES (@p22, @p23, @p24, @p25, @p26, @p27, @p28, @p29, @p30, @p31, @p32);
      UPDATE ingest.import_batches SET status = @p33
      WHERE id = @p34;
      INSERT INTO wolverine.wolverine_incoming_envelopes (id, attempts, body, execution_time, keep_until, message_type, owner_id, received_at, status)
      VALUES (@p35, @p36, @p37, @p38, @p39, @p40, @p41, @p42, @p43);
      INSERT INTO wolverine.wolverine_incoming_envelopes (id, attempts, body, execution_time, keep_until, message_type, owner_id, received_at, status)
      VALUES (@p44, @p45, @p46, @p47, @p48, @p49, @p50, @p51, @p52);
info: Microsoft.EntityFrameworkCore.Database.Command[20101]
      Executed DbCommand (0ms) [Parameters=[@p0='?' (DbType = Guid), @p1='?' (DbType = Guid), @p2='?', @p3='?', @p4='?' (DbType = Object), @p5='?' (DbType = DateTime), @p6='?', @p7='?' (DbType = Guid), @p8='?', @p9='?', @p10='?', @p11='?' (DbType = Guid), @p12='?' (DbType = Int32), @p13='?' (DbType = Binary), @p14='?' (DbType = DateTime), @p15='?' (DbType = DateTime), @p16='?', @p17='?' (DbType = Int32), @p18='?', @p19='?'], CommandType='Text', CommandTimeout='30']
      INSERT INTO audit.change_log (id, actor_id, actor_label, actor_tier, diff, occurred_at, operation, org_id, row_id, schema_name, table_name)
      VALUES (@p0, @p1, @p2, @p3, @p4, @p5, @p6, @p7, @p8, @p9, @p10);
      INSERT INTO wolverine.wolverine_incoming_envelopes (id, attempts, body, execution_time, keep_until, message_type, owner_id, received_at, status)
      VALUES (@p11, @p12, @p13, @p14, @p15, @p16, @p17, @p18, @p19);
info: Microsoft.EntityFrameworkCore.Database.Command[20101]
      Executed DbCommand (0ms) [Parameters=[@sessionId='?' (DbType = Guid)], CommandType='Text', CommandTimeout='30']
      SELECT EXISTS (
          SELECT 1
          FROM identity.user_sessions AS u
          WHERE u.id = @sessionId AND u.revoked_at IS NULL)
info: Microsoft.EntityFrameworkCore.Database.Command[20101]
      Executed DbCommand (1ms) [Parameters=[@ef_filter__CurrentOrg='?' (DbType = Guid), @message_ExternalId='?'], CommandType='Text', CommandTimeout='30']
      SELECT s.id, s.address_line1, s.city, s.country_code, s.created_at, s.external_id, s.latitude, s.longitude, s.name, s.node_id, s.org_id, s.path, s.postal_code, s.status, s.time_zone
      FROM tenancy.sites AS s
      WHERE s.org_id = @ef_filter__CurrentOrg AND s.external_id = @message_ExternalId
      LIMIT 1
info: Microsoft.EntityFrameworkCore.Database.Command[20101]
      Executed DbCommand (0ms) [Parameters=[@p0='?' (DbType = Guid), @p1='?' (DbType = Guid), @p2='?', @p3='?', @p4='?' (DbType = DateTime), @p5='?' (DbType = Guid), @p6='?' (DbType = Object)], CommandType='Text', CommandTimeout='30']
      INSERT INTO audit.domain_log (id, actor_id, actor_tier, event_name, occurred_at, org_id, payload)
      VALUES (@p0, @p1, @p2, @p3, @p4, @p5, @p6);
info: Microsoft.EntityFrameworkCore.Database.Command[20101]
      Executed DbCommand (1ms) [Parameters=[@ef_filter__CurrentOrg='?' (DbType = Guid), @message_ExternalId='?'], CommandType='Text', CommandTimeout='30']
      SELECT s.id, s.address_line1, s.city, s.country_code, s.created_at, s.external_id, s.latitude, s.longitude, s.name, s.node_id, s.org_id, s.path, s.postal_code, s.status, s.time_zone
      FROM tenancy.sites AS s
      WHERE s.org_id = @ef_filter__CurrentOrg AND s.external_id = @message_ExternalId
      LIMIT 1
info: Microsoft.EntityFrameworkCore.Database.Command[20101]
      Executed DbCommand (0ms) [Parameters=[@org='?' (DbType = Guid)], CommandType='Text', CommandTimeout='30']
      SELECT o.status
      FROM identity.org_directory AS o
      WHERE o.org_id = @org
      LIMIT 1
info: Microsoft.EntityFrameworkCore.Database.Command[20101]
      Executed DbCommand (0ms) [Parameters=[@p0='?' (DbType = Guid), @p1='?' (DbType = Guid), @p2='?', @p3='?', @p4='?' (DbType = Object), @p5='?' (DbType = DateTime), @p6='?', @p7='?' (DbType = Guid), @p8='?', @p9='?', @p10='?', @p12='?' (DbType = Guid), @p11='?'], CommandType='Text', CommandTimeout='30']
      INSERT INTO audit.change_log (id, actor_id, actor_label, actor_tier, diff, occurred_at, operation, org_id, row_id, schema_name, table_name)
      VALUES (@p0, @p1, @p2, @p3, @p4, @p5, @p6, @p7, @p8, @p9, @p10);
      UPDATE tenancy.sites SET name = @p11
      WHERE id = @p12;
info: Microsoft.EntityFrameworkCore.Database.Command[20101]
      Executed DbCommand (1ms) [Parameters=[@p0='?' (DbType = Guid), @p1='?' (DbType = Guid), @p2='?', @p3='?', @p4='?' (DbType = Object), @p5='?' (DbType = DateTime), @p6='?', @p7='?' (DbType = Guid), @p8='?', @p9='?', @p10='?', @p12='?' (DbType = Guid), @p11='?'], CommandType='Text', CommandTimeout='30']
      INSERT INTO audit.change_log (id, actor_id, actor_label, actor_tier, diff, occurred_at, operation, org_id, row_id, schema_name, table_name)
      VALUES (@p0, @p1, @p2, @p3, @p4, @p5, @p6, @p7, @p8, @p9, @p10);
      UPDATE tenancy.sites SET status = @p11
      WHERE id = @p12;
info: Microsoft.EntityFrameworkCore.Database.Command[20101]
      Executed DbCommand (1ms) [Parameters=[@ef_filter__CurrentOrg='?' (DbType = Guid), @ef_filter__CurrentOrg0='?' (DbType = Guid), @userId='?' (DbType = Guid), @org='?' (DbType = Guid), @domain='?', @verb='?'], CommandType='Text', CommandTimeout='30']
      SELECT DISTINCT m1.scope_path
      FROM identity.memberships AS m
      INNER JOIN (
          SELECT m0.membership_id, m0.role_id, m0.scope_path
          FROM identity.membership_roles AS m0
          WHERE m0.org_id = @ef_filter__CurrentOrg
      ) AS m1 ON m.id = m1.membership_id
      INNER JOIN (
          SELECT r.action, r.domain, r.role_id
          FROM identity.role_grants AS r
          WHERE r.org_id = @ef_filter__CurrentOrg0
      ) AS r0 ON m1.role_id = r0.role_id
      WHERE m.user_id = @userId AND m.org_id = @org AND (r0.domain = @domain OR r0.domain = '*') AND (r0.action = @verb OR r0.action = '*')
info: Microsoft.EntityFrameworkCore.Database.Command[20101]
      Executed DbCommand (0ms) [Parameters=[@p0='?' (DbType = Guid), @p1='?' (DbType = Guid), @p2='?', @p3='?', @p4='?' (DbType = Object), @p5='?' (DbType = DateTime), @p6='?', @p7='?' (DbType = Guid), @p8='?', @p9='?', @p10='?', @p11='?' (DbType = Guid), @p12='?' (DbType = Int32), @p13='?' (DbType = Binary), @p14='?' (DbType = DateTime), @p15='?' (DbType = DateTime), @p16='?', @p17='?' (DbType = Int32), @p18='?', @p19='?'], CommandType='Text', CommandTimeout='30']
      INSERT INTO audit.change_log (id, actor_id, actor_label, actor_tier, diff, occurred_at, operation, org_id, row_id, schema_name, table_name)
      VALUES (@p0, @p1, @p2, @p3, @p4, @p5, @p6, @p7, @p8, @p9, @p10);
      INSERT INTO wolverine.wolverine_incoming_envelopes (id, attempts, body, execution_time, keep_until, message_type, owner_id, received_at, status)
      VALUES (@p11, @p12, @p13, @p14, @p15, @p16, @p17, @p18, @p19);
info: Microsoft.EntityFrameworkCore.Database.Command[20101]
      Executed DbCommand (0ms) [Parameters=[@ef_filter__CurrentOrg='?' (DbType = Guid), @userId='?' (DbType = Guid), @org='?' (DbType = Guid), @now='?' (DbType = DateTime), @domain='?', @verb='?'], CommandType='Text', CommandTimeout='30']
      SELECT DISTINCT g.scope_path
      FROM identity.grant_exceptions AS g
      WHERE g.org_id = @ef_filter__CurrentOrg AND g.user_id = @userId AND g.org_id = @org AND g.expires_at &gt; @now AND (g.domain = @domain OR g.domain = '*') AND (g.action = @verb OR g.action = '*')
info: Microsoft.EntityFrameworkCore.Database.Command[20101]
      Executed DbCommand (0ms) [Parameters=[@ef_filter__CurrentOrg='?' (DbType = Guid), @org_Org='?' (DbType = Guid)], CommandType='Text', CommandTimeout='30']
      SELECT s.id, s.address_line1, s.city, s.country_code, s.created_at, s.external_id, s.latitude, s.longitude, s.name, s.node_id, s.org_id, s.path, s.postal_code, s.status, s.time_zone
      FROM tenancy.sites AS s
      WHERE s.org_id = @ef_filter__CurrentOrg AND s.org_id = @org_Org
      ORDER BY s.name
info: Microsoft.EntityFrameworkCore.Database.Command[20101]
      Executed DbCommand (0ms) [Parameters=[@p0='?' (DbType = Guid), @p1='?' (DbType = Guid), @p2='?', @p3='?', @p4='?' (DbType = DateTime), @p5='?' (DbType = Guid), @p6='?' (DbType = Object)], CommandType='Text', CommandTimeout='30']
      INSERT INTO audit.domain_log (id, actor_id, actor_tier, event_name, occurred_at, org_id, payload)
      VALUES (@p0, @p1, @p2, @p3, @p4, @p5, @p6);
info: Microsoft.EntityFrameworkCore.Database.Command[20101]
      Executed DbCommand (0ms) [Parameters=[@sessionId='?' (DbType = Guid)], CommandType='Text', CommandTimeout='30']
      SELECT EXISTS (
          SELECT 1
          FROM identity.user_sessions AS u
          WHERE u.id = @sessionId AND u.revoked_at IS NULL)
info: Microsoft.EntityFrameworkCore.Database.Command[20101]
      Executed DbCommand (0ms) [Parameters=[@org='?' (DbType = Guid)], CommandType='Text', CommandTimeout='30']
      SELECT o.status
      FROM identity.org_directory AS o
      WHERE o.org_id = @org
      LIMIT 1
info: Microsoft.EntityFrameworkCore.Database.Command[20101]
      Executed DbCommand (1ms) [Parameters=[@ef_filter__CurrentOrg='?' (DbType = Guid), @ef_filter__CurrentOrg0='?' (DbType = Guid), @userId='?' (DbType = Guid), @org='?' (DbType = Guid), @domain='?', @verb='?'], CommandType='Text', CommandTimeout='30']
      SELECT DISTINCT m1.scope_path
      FROM identity.memberships AS m
      INNER JOIN (
          SELECT m0.membership_id, m0.role_id, m0.scope_path
          FROM identity.membership_roles AS m0
          WHERE m0.org_id = @ef_filter__CurrentOrg
      ) AS m1 ON m.id = m1.membership_id
      INNER JOIN (
          SELECT r.action, r.domain, r.role_id
          FROM identity.role_grants AS r
          WHERE r.org_id = @ef_filter__CurrentOrg0
      ) AS r0 ON m1.role_id = r0.role_id
      WHERE m.user_id = @userId AND m.org_id = @org AND (r0.domain = @domain OR r0.domain = '*') AND (r0.action = @verb OR r0.action = '*')
info: Microsoft.EntityFrameworkCore.Database.Command[20101]
      Executed DbCommand (0ms) [Parameters=[@ef_filter__CurrentOrg='?' (DbType = Guid), @userId='?' (DbType = Guid), @org='?' (DbType = Guid), @now='?' (DbType = DateTime), @domain='?', @verb='?'], CommandType='Text', CommandTimeout='30']
      SELECT DISTINCT g.scope_path
      FROM identity.grant_exceptions AS g
      WHERE g.org_id = @ef_filter__CurrentOrg AND g.user_id = @userId AND g.org_id = @org AND g.expires_at &gt; @now AND (g.domain = @domain OR g.domain = '*') AND (g.action = @verb OR g.action = '*')
info: Microsoft.EntityFrameworkCore.Database.Command[20101]
      Executed DbCommand (0ms) [Parameters=[@ef_filter__CurrentOrg='?' (DbType = Guid), @org_Org='?' (DbType = Guid)], CommandType='Text', CommandTimeout='30']
      SELECT s.id, s.address_line1, s.city, s.country_code, s.created_at, s.external_id, s.latitude, s.longitude, s.name, s.node_id, s.org_id, s.path, s.postal_code, s.status, s.time_zone
      FROM tenancy.sites AS s
      WHERE s.org_id = @ef_filter__CurrentOrg AND s.org_id = @org_Org
      ORDER BY s.name
info: Wolverine.Runtime.WolverineRuntime[0]
      Application stopping signal received
info: Microsoft.Hosting.Lifetime[0]
      Application is shutting down...
info: Wolverine.Transports.ListeningAgent[0]
      Stopped message listener at stub://replies/
info: Wolverine.Transports.ListeningAgent[0]
      Stopped message listener at dbcontrol://c43a3a96-f31f-4448-befd-ef635e304889/
info: Wolverine.Transports.ListeningAgent[0]
      Stopped message listener at dbcontrol://c43a3a96-f31f-4448-befd-ef635e304889/
info: Wolverine.Postgresql.PostgresqlMessageStore[0]
      Reassigned 5 incoming messages from 1 and endpoint at local://premise.modules.storage.scanuploadedfile/ to any node in the durable inbox
info: Wolverine.Postgresql.PostgresqlMessageStore[0]
      Reassigned 3 incoming messages from 1 and endpoint at local://premise.contracts.organizationupserted/ to any node in the durable inbox
info: Wolverine.Postgresql.PostgresqlMessageStore[0]
      Reassigned 3 incoming messages from 1 and endpoint at local://premise.modules.ingest.syncsiteconnector/ to any node in the durable inbox
info: Wolverine.Postgresql.PostgresqlMessageStore[0]
      Reassigned 5 incoming messages from 1 and endpoint at local://premise.contracts.sitechangerequested/ to any node in the durable inbox
info: Wolverine.Postgresql.PostgresqlMessageStore[0]
      Reassigned 2 incoming messages from 1 and endpoint at local://premise.modules.ingest.syncdueconnectors/ to any node in the durable inbox
info: Wolverine.Postgresql.PostgresqlMessageStore[0]
      Reassigned 5 incoming messages from 1 and endpoint at local://premise.modules.storage.generatederivatives/ to any node in the durable inbox
info: Wolverine.Postgresql.PostgresqlMessageStore[0]
      Reassigned 9 incoming messages from 1 and endpoint at local://premise.contracts.recorddomainaudit/ to any node in the durable inbox
[testcontainers.org 00:00:12.70] Delete Docker container eb90daea9ba4
[xUnit.net 00:00:13.06]   Finished:    Premise.IntegrationTests
</StdOut>
    </Output>
  </ResultSummary>
</TestRun>